This file contains any messages produced by compilers while
running configure, to aid debugging if configure makes a mistake.

It was created by configure, which was
generated by GNU Autoconf 2.69.  Invocation command line was

  $ ../../../../newlib-3.3.0/libgloss/zk/configure --disable-option-checking --prefix=/usr/local --with-cross-host=x86_64-pc-linux-gnu --with-newlib --disable-multilib --disable-newlib-io-float --disable-newlib-io-long-long --program-transform-name=s&^&zk-& --with-target-subdir=zk --build=x86_64-pc-linux-gnu --host=zk --target=zk build_alias=x86_64-pc-linux-gnu host_alias=zk target_alias=zk --cache-file=.././config.cache --srcdir=../../../../newlib-3.3.0/libgloss/zk

## --------- ##
## Platform. ##
## --------- ##

hostname = yibin-Z390-AORUS-PRO-WIFI
uname -m = x86_64
uname -r = 6.8.0-87-generic
uname -s = Linux
uname -v = #88~22.04.1-Ubuntu SMP PREEMPT_DYNAMIC Tue Oct 14 14:03:14 UTC 2

/usr/bin/uname -p = x86_64
/bin/uname -X     = unknown

/bin/arch              = x86_64
/usr/bin/arch -k       = unknown
/usr/convex/getsysinfo = unknown
/usr/bin/hostinfo      = unknown
/bin/machine           = unknown
/usr/bin/oslevel       = unknown
/bin/universe          = unknown

PATH: /usr/local/sbin
PATH: /usr/local/bin
PATH: /usr/sbin
PATH: /usr/bin
PATH: /sbin
PATH: /bin
PATH: /usr/games
PATH: /usr/local/games
PATH: /snap/bin
PATH: /snap/bin


## ----------- ##
## Core tests. ##
## ----------- ##

configure:1692: loading cache .././config.cache
configure:1807: checking build system type
configure:1821: result: x86_64-pc-linux-gnu
configure:1841: checking host system type
configure:1854: result: zk-unknown-none
configure:1874: checking target system type
configure:1887: result: zk-unknown-none
configure:2003: checking for a BSD-compatible install
configure:2071: result: /usr/bin/install -c
configure:2104: checking for style of include used by make
configure:2132: result: GNU
configure:2159: checking for gcc
configure:2186: result: clang-11 -m32 -D_FORTIFY_SOURCE=0 -D__GLIBC_USE\(...\)=0 -B/home/yibin/Documents/zk-llvm-backend/zknewlib/zk/newlib/ -isystem /home/yibin/Documents/zk-llvm-backend/zknewlib/zk/newlib/targ-include -isystem /home/yibin/Documents/zk-llvm-backend/newlib-3.3.0/newlib/libc/include -B/home/yibin/Documents/zk-llvm-backend/zknewlib/zk/libgloss/zk -L/home/yibin/Documents/zk-llvm-backend/zknewlib/zk/libgloss/libnosys -L/home/yibin/Documents/zk-llvm-backend/newlib-3.3.0/libgloss/zk   
configure:2197: checking dependency style of clang-11 -m32 -D_FORTIFY_SOURCE=0 -D__GLIBC_USE\(...\)=0 -B/home/yibin/Documents/zk-llvm-backend/zknewlib/zk/newlib/ -isystem /home/yibin/Documents/zk-llvm-backend/zknewlib/zk/newlib/targ-include -isystem /home/yibin/Documents/zk-llvm-backend/newlib-3.3.0/newlib/libc/include -B/home/yibin/Documents/zk-llvm-backend/zknewlib/zk/libgloss/zk -L/home/yibin/Documents/zk-llvm-backend/zknewlib/zk/libgloss/libnosys -L/home/yibin/Documents/zk-llvm-backend/newlib-3.3.0/libgloss/zk   
configure:2287: result: gcc3
configure:2362: checking whether we are using GNU C
configure:2383: result: yes
configure:2393: checking whether clang-11 -m32 -D_FORTIFY_SOURCE=0 -D__GLIBC_USE\(...\)=0 -B/home/yibin/Documents/zk-llvm-backend/zknewlib/zk/newlib/ -isystem /home/yibin/Documents/zk-llvm-backend/zknewlib/zk/newlib/targ-include -isystem /home/yibin/Documents/zk-llvm-backend/newlib-3.3.0/newlib/libc/include -B/home/yibin/Documents/zk-llvm-backend/zknewlib/zk/libgloss/zk -L/home/yibin/Documents/zk-llvm-backend/zknewlib/zk/libgloss/libnosys -L/home/yibin/Documents/zk-llvm-backend/newlib-3.3.0/libgloss/zk    accepts -g
configure:2454: result: no
configure:2492: checking for zk-ranlib
configure:2519: result: llvm-ranlib-11
configure:2747: creating ./config.status

## ---------------------- ##
## Running config.status. ##
## ---------------------- ##

This file was extended by config.status, which was
generated by GNU Autoconf 2.69.  Invocation command line was

  CONFIG_FILES    = 
  CONFIG_HEADERS  = 
  CONFIG_LINKS    = 
  CONFIG_COMMANDS = 
  $ ./config.status 

on yibin-Z390-AORUS-PRO-WIFI

config.status:789: creating Makefile
config.status:945: executing depfiles commands

## ---------------- ##
## Cache variables. ##
## ---------------- ##

ac_cv_build=x86_64-pc-linux-gnu
ac_cv_c_compiler_gnu=yes
ac_cv_env_CCASFLAGS_set=
ac_cv_env_CCASFLAGS_value=
ac_cv_env_CCAS_set=
ac_cv_env_CCAS_value=
ac_cv_env_build_alias_set=set
ac_cv_env_build_alias_value=x86_64-pc-linux-gnu
ac_cv_env_host_alias_set=set
ac_cv_env_host_alias_value=zk
ac_cv_env_target_alias_set=set
ac_cv_env_target_alias_value=zk
ac_cv_host=zk-unknown-none
ac_cv_prog_AR=llvm-ar-11
ac_cv_prog_AWK=mawk
ac_cv_prog_CC='clang-11 -m32 -D_FORTIFY_SOURCE=0 -D__GLIBC_USE\(...\)=0 -B/home/yibin/Documents/zk-llvm-backend/zknewlib/zk/newlib/ -isystem /home/yibin/Documents/zk-llvm-backend/zknewlib/zk/newlib/targ-include -isystem /home/yibin/Documents/zk-llvm-backend/newlib-3.3.0/newlib/libc/include -B/home/yibin/Documents/zk-llvm-backend/zknewlib/zk/libgloss/zk -L/home/yibin/Documents/zk-llvm-backend/zknewlib/zk/libgloss/libnosys -L/home/yibin/Documents/zk-llvm-backend/newlib-3.3.0/libgloss/zk   '
ac_cv_prog_RANLIB=llvm-ranlib-11
ac_cv_prog_STRIP=zk-strip
ac_cv_prog_cc_g=no
ac_cv_prog_make_make_set=yes
ac_cv_target=zk-unknown-none
am_cv_CC_dependencies_compiler_type=gcc3

## ----------------- ##
## Output variables. ##
## ----------------- ##

AMDEPBACKSLASH='\'
AMDEP_FALSE='#'
AMDEP_TRUE=''
AR='llvm-ar-11'
AS='llvm-as-11'
CC='clang-11 -m32 -D_FORTIFY_SOURCE=0 -D__GLIBC_USE\(...\)=0 -B/home/yibin/Documents/zk-llvm-backend/zknewlib/zk/newlib/ -isystem /home/yibin/Documents/zk-llvm-backend/zknewlib/zk/newlib/targ-include -isystem /home/yibin/Documents/zk-llvm-backend/newlib-3.3.0/newlib/libc/include -B/home/yibin/Documents/zk-llvm-backend/zknewlib/zk/libgloss/zk -L/home/yibin/Documents/zk-llvm-backend/zknewlib/zk/libgloss/libnosys -L/home/yibin/Documents/zk-llvm-backend/newlib-3.3.0/libgloss/zk   '
CCAS='clang-11 -m32 -D_FORTIFY_SOURCE=0 -D__GLIBC_USE\(...\)=0 -B/home/yibin/Documents/zk-llvm-backend/zknewlib/zk/newlib/ -isystem /home/yibin/Documents/zk-llvm-backend/zknewlib/zk/newlib/targ-include -isystem /home/yibin/Documents/zk-llvm-backend/newlib-3.3.0/newlib/libc/include -B/home/yibin/Documents/zk-llvm-backend/zknewlib/zk/libgloss/zk -L/home/yibin/Documents/zk-llvm-backend/zknewlib/zk/libgloss/libnosys -L/home/yibin/Documents/zk-llvm-backend/newlib-3.3.0/libgloss/zk   '
CCASFLAGS=''
CCDEPMODE='depmode=gcc3'
DEFS='-DPACKAGE_NAME=\"\" -DPACKAGE_TARNAME=\"\" -DPACKAGE_VERSION=\"\" -DPACKAGE_STRING=\"\" -DPACKAGE_BUGREPORT=\"\" -DPACKAGE_URL=\"\"'
DEPDIR='.deps'
ECHO_C=''
ECHO_N='-n'
ECHO_T=''
INSTALL_DATA='/usr/bin/install -c -m 644'
INSTALL_PROGRAM='/usr/bin/install -c'
INSTALL_SCRIPT='/usr/bin/install -c'
LD='zk-ld'
LIBOBJS=''
LIBS=''
LTLIBOBJS=''
PACKAGE_BUGREPORT=''
PACKAGE_NAME=''
PACKAGE_STRING=''
PACKAGE_TARNAME=''
PACKAGE_URL=''
PACKAGE_VERSION=''
PATH_SEPARATOR=':'
RANLIB='llvm-ranlib-11'
SHELL='/bin/bash'
am__fastdepCC_FALSE='#'
am__fastdepCC_TRUE=''
am__include='include'
am__leading_dot='.'
am__quote=''
bindir='${exec_prefix}/bin'
build='x86_64-pc-linux-gnu'
build_alias='x86_64-pc-linux-gnu'
build_cpu='x86_64'
build_os='linux-gnu'
build_vendor='pc'
datadir='${datarootdir}'
datarootdir='${prefix}/share'
docdir='${datarootdir}/doc/${PACKAGE}'
dvidir='${docdir}'
exec_prefix='${prefix}'
host='zk-unknown-none'
host_alias='zk'
host_cpu='zk'
host_makefile_frag_path='../../../../newlib-3.3.0/libgloss/zk/../config/default.mh'
host_os='none'
host_vendor='unknown'
htmldir='${docdir}'
includedir='${prefix}/include'
infodir='${datarootdir}/info'
libdir='${exec_prefix}/lib'
libexecdir='${exec_prefix}/libexec'
localedir='${datarootdir}/locale'
localstatedir='${prefix}/var'
mandir='${datarootdir}/man'
oldincludedir='/usr/include'
pdfdir='${docdir}'
prefix='/usr/local'
program_transform_name='s&^&zk-&'
psdir='${docdir}'
runstatedir='${localstatedir}/run'
sbindir='${exec_prefix}/sbin'
sharedstatedir='${prefix}/com'
sysconfdir='${prefix}/etc'
target='zk-unknown-none'
target_alias='zk'
target_cpu='zk'
target_os='none'
target_vendor='unknown'

## ------------------- ##
## File substitutions. ##
## ------------------- ##

host_makefile_frag='../../../../newlib-3.3.0/libgloss/zk/../config/default.mh'

## ----------- ##
## confdefs.h. ##
## ----------- ##

/* confdefs.h */
#define PACKAGE_NAME ""
#define PACKAGE_TARNAME ""
#define PACKAGE_VERSION ""
#define PACKAGE_STRING ""
#define PACKAGE_BUGREPORT ""
#define PACKAGE_URL ""

configure: exit 0
