This file contains any messages produced by compilers while
running configure, to aid debugging if configure makes a mistake.

It was created by configure, which was
generated by GNU Autoconf 2.64.  Invocation command line was

  $ ../newlib-3.3.0/configure --target=zk --with-newlib --disable-multilib CC=clang-11 -m32 -D_FORTIFY_SOURCE=0 -D__GLIBC_USE\\(...\\)=0 CFLAGS=-flto AR=llvm-ar-11 AS=llvm-as-11 RANLIB=llvm-ranlib-11 --disable-newlib-io-float --disable-newlib-io-long-long CC_FOR_TARGET=clang-11 -m32 -D_FORTIFY_SOURCE=0 -D__GLIBC_USE\\(...\\)=0 CFLAGS_FOR_TARGET=-flto AR_FOR_TARGET=llvm-ar-11 AS_FOR_TARGET=llvm-as-11 RANLIB_FOR_TARGET=llvm-ranlib-11

## --------- ##
## Platform. ##
## --------- ##

hostname = yibin-Z390-AORUS-PRO-WIFI
uname -m = x86_64
uname -r = 6.8.0-87-generic
uname -s = Linux
uname -v = #88~22.04.1-Ubuntu SMP PREEMPT_DYNAMIC Tue Oct 14 14:03:14 UTC 2

/usr/bin/uname -p = x86_64
/bin/uname -X     = unknown

/bin/arch              = x86_64
/usr/bin/arch -k       = unknown
/usr/convex/getsysinfo = unknown
/usr/bin/hostinfo      = unknown
/bin/machine           = unknown
/usr/bin/oslevel       = unknown
/bin/universe          = unknown

PATH: /usr/local/sbin
PATH: /usr/local/bin
PATH: /usr/sbin
PATH: /usr/bin
PATH: /sbin
PATH: /bin
PATH: /usr/games
PATH: /usr/local/games
PATH: /snap/bin
PATH: /snap/bin


## ----------- ##
## Core tests. ##
## ----------- ##

configure:2297: checking build system type
configure:2311: result: x86_64-pc-linux-gnu
configure:2358: checking host system type
configure:2371: result: x86_64-pc-linux-gnu
configure:2391: checking target system type
configure:2404: result: zk-unknown-none
configure:2458: checking for a BSD-compatible install
configure:2526: result: /usr/bin/install -c
configure:2537: checking whether ln works
configure:2559: result: yes
configure:2563: checking whether ln -s works
configure:2567: result: yes
configure:2574: checking for a sed that does not truncate output
configure:2638: result: /usr/bin/sed
configure:2647: checking for gawk
configure:2677: result: no
configure:2647: checking for mawk
configure:2663: found /usr/bin/mawk
configure:2674: result: mawk
configure:4117: checking for gcc
configure:4144: result: clang-11 -m32 -D_FORTIFY_SOURCE=0 -D__GLIBC_USE\\(...\\)=0
configure:4373: checking for C compiler version
configure:4382: clang-11 -m32 -D_FORTIFY_SOURCE=0 -D__GLIBC_USE\\(...\\)=0 --version >&5
Ubuntu clang version 11.1.0-6
Target: i386-pc-linux-gnu
Thread model: posix
InstalledDir: /usr/bin
configure:4393: $? = 0
configure:4382: clang-11 -m32 -D_FORTIFY_SOURCE=0 -D__GLIBC_USE\\(...\\)=0 -v >&5
Ubuntu clang version 11.1.0-6
Target: i386-pc-linux-gnu
Thread model: posix
InstalledDir: /usr/bin
Found candidate GCC installation: /usr/bin/../lib/gcc/x86_64-linux-gnu/11
Found candidate GCC installation: /usr/lib/gcc/x86_64-linux-gnu/11
Selected GCC installation: /usr/bin/../lib/gcc/x86_64-linux-gnu/11
Candidate multilib: .;@m64
Candidate multilib: 32;@m32
Candidate multilib: x32;@mx32
... rest of stderr output deleted ...
configure:4393: $? = 0
configure:4382: clang-11 -m32 -D_FORTIFY_SOURCE=0 -D__GLIBC_USE\\(...\\)=0 -V >&5
clang: error: argument to '-V' is missing (expected 1 value)
clang: error: no input files
configure:4393: $? = 1
configure:4382: clang-11 -m32 -D_FORTIFY_SOURCE=0 -D__GLIBC_USE\\(...\\)=0 -qversion >&5
clang: error: unknown argument '-qversion'; did you mean '--version'?
clang: error: no input files
configure:4393: $? = 1
configure:4413: checking for C compiler default output file name
configure:4435: clang-11 -m32 -D_FORTIFY_SOURCE=0 -D__GLIBC_USE\\(...\\)=0 -flto   conftest.c  >&5
In file included from <built-in>:336:
<command line>:2:20: warning: ISO C99 requires whitespace after the macro name [-Wc99-extensions]
#define __GLIBC_USE\\(...\\) 0
                   ^
1 warning generated.
configure:4439: $? = 0
configure:4476: result: a.out
configure:4492: checking whether the C compiler works
configure:4501: ./a.out
configure:4505: $? = 0
configure:4520: result: yes
configure:4527: checking whether we are cross compiling
configure:4529: result: no
configure:4532: checking for suffix of executables
configure:4539: clang-11 -m32 -D_FORTIFY_SOURCE=0 -D__GLIBC_USE\\(...\\)=0 -o conftest -flto   conftest.c  >&5
In file included from <built-in>:336:
<command line>:2:20: warning: ISO C99 requires whitespace after the macro name [-Wc99-extensions]
#define __GLIBC_USE\\(...\\) 0
                   ^
1 warning generated.
configure:4543: $? = 0
configure:4565: result: 
configure:4571: checking for suffix of object files
configure:4593: clang-11 -m32 -D_FORTIFY_SOURCE=0 -D__GLIBC_USE\\(...\\)=0 -c -flto  conftest.c >&5
In file included from <built-in>:336:
<command line>:2:20: warning: ISO C99 requires whitespace after the macro name [-Wc99-extensions]
#define __GLIBC_USE\\(...\\) 0
                   ^
1 warning generated.
configure:4597: $? = 0
configure:4618: result: o
configure:4622: checking whether we are using the GNU C compiler
configure:4641: clang-11 -m32 -D_FORTIFY_SOURCE=0 -D__GLIBC_USE\\(...\\)=0 -c -flto  conftest.c >&5
In file included from <built-in>:336:
<command line>:2:20: warning: ISO C99 requires whitespace after the macro name [-Wc99-extensions]
#define __GLIBC_USE\\(...\\) 0
                   ^
1 warning generated.
configure:4641: $? = 0
configure:4650: result: yes
configure:4659: checking whether clang-11 -m32 -D_FORTIFY_SOURCE=0 -D__GLIBC_USE\\(...\\)=0 accepts -g
configure:4679: clang-11 -m32 -D_FORTIFY_SOURCE=0 -D__GLIBC_USE\\(...\\)=0 -c -g  conftest.c >&5
In file included from <built-in>:336:
<command line>:2:20: warning: ISO C99 requires whitespace after the macro name [-Wc99-extensions]
#define __GLIBC_USE\\(...\\) 0
                   ^
1 warning generated.
configure:4679: $? = 0
configure: failed program was:
| /* confdefs.h */
| #define PACKAGE_NAME ""
| #define PACKAGE_TARNAME ""
| #define PACKAGE_VERSION ""
| #define PACKAGE_STRING ""
| #define PACKAGE_BUGREPORT ""
| #define PACKAGE_URL ""
| /* end confdefs.h.  */
| 
| int
| main ()
| {
| 
|   ;
|   return 0;
| }
configure:4694: clang-11 -m32 -D_FORTIFY_SOURCE=0 -D__GLIBC_USE\\(...\\)=0 -c   conftest.c >&5
In file included from <built-in>:336:
<command line>:2:20: warning: ISO C99 requires whitespace after the macro name [-Wc99-extensions]
#define __GLIBC_USE\\(...\\) 0
                   ^
1 warning generated.
configure:4694: $? = 0
configure: failed program was:
| /* confdefs.h */
| #define PACKAGE_NAME ""
| #define PACKAGE_TARNAME ""
| #define PACKAGE_VERSION ""
| #define PACKAGE_STRING ""
| #define PACKAGE_BUGREPORT ""
| #define PACKAGE_URL ""
| /* end confdefs.h.  */
| 
| int
| main ()
| {
| 
|   ;
|   return 0;
| }
configure:4710: clang-11 -m32 -D_FORTIFY_SOURCE=0 -D__GLIBC_USE\\(...\\)=0 -c -g  conftest.c >&5
In file included from <built-in>:336:
<command line>:2:20: warning: ISO C99 requires whitespace after the macro name [-Wc99-extensions]
#define __GLIBC_USE\\(...\\) 0
                   ^
1 warning generated.
configure:4710: $? = 0
configure:4720: result: yes
configure:4737: checking for clang-11 -m32 -D_FORTIFY_SOURCE=0 -D__GLIBC_USE\\(...\\)=0 option to accept ISO C89
configure:4801: clang-11 -m32 -D_FORTIFY_SOURCE=0 -D__GLIBC_USE\\(...\\)=0  -c -flto  conftest.c >&5
In file included from <built-in>:336:
<command line>:2:20: warning: ISO C99 requires whitespace after the macro name [-Wc99-extensions]
#define __GLIBC_USE\\(...\\) 0
                   ^
1 warning generated.
configure:4801: $? = 0
configure:4814: result: none needed
configure:4946: checking for C++ compiler version
configure:4955: clang++ --version >&5
Ubuntu clang version 14.0.0-1ubuntu1.1
Target: x86_64-pc-linux-gnu
Thread model: posix
InstalledDir: /usr/bin
configure:4966: $? = 0
configure:4955: clang++ -v >&5
Ubuntu clang version 14.0.0-1ubuntu1.1
Target: x86_64-pc-linux-gnu
Thread model: posix
InstalledDir: /usr/bin
Found candidate GCC installation: /usr/bin/../lib/gcc/x86_64-linux-gnu/11
Selected GCC installation: /usr/bin/../lib/gcc/x86_64-linux-gnu/11
Candidate multilib: .;@m64
Candidate multilib: 32;@m32
Candidate multilib: x32;@mx32
Selected multilib: .;@m64
... rest of stderr output deleted ...
configure:4966: $? = 0
configure:4955: clang++ -V >&5
clang: error: argument to '-V' is missing (expected 1 value)
clang: error: no input files
configure:4966: $? = 1
configure:4955: clang++ -qversion >&5
clang: error: unknown argument '-qversion'; did you mean '--version'?
clang: error: no input files
configure:4966: $? = 1
configure:4970: checking whether we are using the GNU C++ compiler
configure:4989: clang++ -c   conftest.cpp >&5
configure:4989: $? = 0
configure:4998: result: yes
configure:5007: checking whether clang++ accepts -g
configure:5027: clang++ -c -g  conftest.cpp >&5
configure:5027: $? = 0
configure:5068: result: yes
configure:5117: checking whether g++ accepts -static-libstdc++ -static-libgcc
configure:5134: clang++ -o conftest -g -O2   -static-libstdc++ -static-libgcc conftest.cpp  >&5
conftest.cpp:11:2: error: -static-libstdc++ not implemented
#error -static-libstdc++ not implemented
 ^
1 error generated.
configure:5134: $? = 1
configure: failed program was:
| /* confdefs.h */
| #define PACKAGE_NAME ""
| #define PACKAGE_TARNAME ""
| #define PACKAGE_VERSION ""
| #define PACKAGE_STRING ""
| #define PACKAGE_BUGREPORT ""
| #define PACKAGE_URL ""
| /* end confdefs.h.  */
| 
| #if (__GNUC__ < 4) || (__GNUC__ == 4 && __GNUC_MINOR__ < 5)
| #error -static-libstdc++ not implemented
| #endif
| int main() {}
configure:5138: result: no
configure:5199: checking for gnatbind
configure:5229: result: no
configure:5291: checking for gnatmake
configure:5321: result: no
configure:5340: checking whether compiler driver understands Ada
configure:5363: result: no
configure:5372: checking how to compare bootstrapped objects
configure:5397: result: cmp --ignore-initial=16 $$f1 $$f2
configure:5457: checking for objdir
configure:5472: result: .libs
configure:6016: checking for isl 0.16, 0.15, or deprecated 0.14
configure:6029: clang-11 -m32 -D_FORTIFY_SOURCE=0 -D__GLIBC_USE\\(...\\)=0 -o conftest -flto      -lisl -lmpc -lmpfr -lgmp conftest.c  -lisl -lgmp >&5
In file included from <built-in>:336:
<command line>:2:20: warning: ISO C99 requires whitespace after the macro name [-Wc99-extensions]
#define __GLIBC_USE\\(...\\) 0
                   ^
conftest.c:10:10: fatal error: 'isl/ctx.h' file not found
#include <isl/ctx.h>
         ^~~~~~~~~~~
1 warning and 1 error generated.
configure:6029: $? = 1
configure: failed program was:
| /* confdefs.h */
| #define PACKAGE_NAME ""
| #define PACKAGE_TARNAME ""
| #define PACKAGE_VERSION ""
| #define PACKAGE_STRING ""
| #define PACKAGE_BUGREPORT ""
| #define PACKAGE_URL ""
| #define LT_OBJDIR ".libs/"
| /* end confdefs.h.  */
| #include <isl/ctx.h>
| int
| main ()
| {
| isl_ctx_get_max_operations (isl_ctx_alloc ());
|   ;
|   return 0;
| }
configure:6036: result: no
configure:6040: result: recommended isl version is 0.16 or 0.15, the minimum required isl version 0.14 is deprecated
configure:6044: checking for isl 0.16 or 0.15
configure:6057: clang-11 -m32 -D_FORTIFY_SOURCE=0 -D__GLIBC_USE\\(...\\)=0 -o conftest -flto      -lisl -lmpc -lmpfr -lgmp conftest.c  -lisl -lgmp >&5
In file included from <built-in>:336:
<command line>:2:20: warning: ISO C99 requires whitespace after the macro name [-Wc99-extensions]
#define __GLIBC_USE\\(...\\) 0
                   ^
conftest.c:10:10: fatal error: 'isl/schedule.h' file not found
#include <isl/schedule.h>
         ^~~~~~~~~~~~~~~~
1 warning and 1 error generated.
configure:6057: $? = 1
configure: failed program was:
| /* confdefs.h */
| #define PACKAGE_NAME ""
| #define PACKAGE_TARNAME ""
| #define PACKAGE_VERSION ""
| #define PACKAGE_STRING ""
| #define PACKAGE_BUGREPORT ""
| #define PACKAGE_URL ""
| #define LT_OBJDIR ".libs/"
| /* end confdefs.h.  */
| #include <isl/schedule.h>
| int
| main ()
| {
| isl_options_set_schedule_serialize_sccs (NULL, 0);
|   ;
|   return 0;
| }
configure:6064: result: no
configure:7068: checking for default BUILD_CONFIG
configure:7100: result: 
configure:7105: checking for --enable-vtable-verify
configure:7118: result: no
configure:7724: checking for bison
configure:7754: result: no
configure:7724: checking for byacc
configure:7754: result: no
configure:7724: checking for yacc
configure:7754: result: no
configure:7771: checking for bison
configure:7801: result: no
configure:7818: checking for gm4
configure:7848: result: no
configure:7818: checking for gnum4
configure:7848: result: no
configure:7818: checking for m4
configure:7834: found /usr/bin/m4
configure:7845: result: m4
configure:7865: checking for flex
configure:7895: result: no
configure:7865: checking for lex
configure:7895: result: no
configure:7913: checking for flex
configure:7943: result: no
configure:7960: checking for makeinfo
configure:7990: result: no
configure:8021: checking for expect
configure:8051: result: no
configure:8070: checking for runtest
configure:8100: result: no
configure:8134: checking for ar
configure:8161: result: llvm-ar-11
configure:8275: checking for as
configure:8302: result: llvm-as-11
configure:8497: checking for dlltool
configure:8527: result: no
configure:8557: checking for ld
configure:8584: result: /usr/bin/ld
configure:8779: checking for lipo
configure:8809: result: no
configure:8920: checking for nm
configure:8936: found /usr/bin/nm
configure:8947: result: nm
configure:8980: checking for ranlib
configure:9007: result: llvm-ranlib-11
configure:9197: checking for strip
configure:9213: found /usr/bin/strip
configure:9224: result: strip
configure:9333: checking for windres
configure:9363: result: no
configure:9474: checking for windmc
configure:9504: result: no
configure:9615: checking for objcopy
configure:9631: found /usr/bin/objcopy
configure:9642: result: objcopy
configure:9756: checking for objdump
configure:9772: found /usr/bin/objdump
configure:9783: result: objdump
configure:9897: checking for readelf
configure:9913: found /usr/bin/readelf
configure:9924: result: readelf
configure:9979: checking for cc
configure:10006: result: clang-11 -m32 -D_FORTIFY_SOURCE=0 -D__GLIBC_USE\\(...\\)=0
configure:9979: checking for gcc
configure:10006: result: clang-11 -m32 -D_FORTIFY_SOURCE=0 -D__GLIBC_USE\\(...\\)=0
configure:10199: checking for zk-c++
configure:10229: result: no
configure:10199: checking for zk-g++
configure:10229: result: no
configure:10199: checking for zk-cxx
configure:10229: result: no
configure:10199: checking for zk-gxx
configure:10229: result: no
configure:10360: checking for zk-gcc
configure:10390: result: no
configure:10516: checking for zk-gcj
configure:10546: result: no
configure:10677: checking for zk-gfortran
configure:10707: result: no
configure:10838: checking for zk-gccgo
configure:10868: result: no
configure:11020: checking for ar
configure:11047: result: llvm-ar-11
configure:11250: checking for as
configure:11277: result: llvm-as-11
configure:11539: checking for zk-dlltool
configure:11569: result: no
configure:11769: checking for zk-ld
configure:11799: result: no
configure:11999: checking for zk-lipo
configure:12029: result: no
configure:12229: checking for zk-nm
configure:12259: result: no
configure:12459: checking for zk-objcopy
configure:12489: result: no
configure:12689: checking for zk-objdump
configure:12719: result: no
configure:12860: checking for ranlib
configure:12887: result: llvm-ranlib-11
configure:13149: checking for zk-readelf
configure:13179: result: no
configure:13379: checking for zk-strip
configure:13409: result: no
configure:13609: checking for zk-windres
configure:13639: result: no
configure:13839: checking for zk-windmc
configure:13869: result: no
configure:13936: checking where to find the target ar
configure:13973: result: pre-installed
configure:13978: checking where to find the target as
configure:14015: result: pre-installed
configure:14020: checking where to find the target cc
configure:14057: result: pre-installed
configure:14062: checking where to find the target c++
configure:14102: result: pre-installed
configure:14107: checking where to find the target c++ for libstdc++
configure:14147: result: pre-installed
configure:14152: checking where to find the target dlltool
configure:14189: result: pre-installed
configure:14194: checking where to find the target gcc
configure:14231: result: pre-installed
configure:14236: checking where to find the target gcj
configure:14276: result: pre-installed
configure:14281: checking where to find the target gfortran
configure:14321: result: pre-installed
configure:14326: checking where to find the target gccgo
configure:14366: result: pre-installed
configure:14371: checking where to find the target ld
configure:14408: result: pre-installed
configure:14413: checking where to find the target lipo
configure:14439: result: pre-installed
configure:14444: checking where to find the target nm
configure:14481: result: pre-installed
configure:14486: checking where to find the target objcopy
configure:14523: result: pre-installed
configure:14528: checking where to find the target objdump
configure:14565: result: pre-installed
configure:14570: checking where to find the target ranlib
configure:14607: result: pre-installed
configure:14612: checking where to find the target readelf
configure:14649: result: pre-installed
configure:14654: checking where to find the target strip
configure:14691: result: pre-installed
configure:14696: checking where to find the target windres
configure:14733: result: pre-installed
configure:14738: checking where to find the target windmc
configure:14775: result: pre-installed
configure:14808: checking whether to enable maintainer-specific portions of Makefiles
configure:14817: result: no
configure:15067: creating ./config.status

## ---------------------- ##
## Running config.status. ##
## ---------------------- ##

This file was extended by config.status, which was
generated by GNU Autoconf 2.64.  Invocation command line was

  CONFIG_FILES    = 
  CONFIG_HEADERS  = 
  CONFIG_LINKS    = 
  CONFIG_COMMANDS = 
  $ ./config.status 

on yibin-Z390-AORUS-PRO-WIFI

config.status:925: creating Makefile

## ---------------- ##
## Cache variables. ##
## ---------------- ##

ac_cv_build=x86_64-pc-linux-gnu
ac_cv_c_compiler_gnu=yes
ac_cv_cxx_compiler_gnu=yes
ac_cv_env_AR_FOR_TARGET_set=set
ac_cv_env_AR_FOR_TARGET_value=llvm-ar-11
ac_cv_env_AR_set=set
ac_cv_env_AR_value=llvm-ar-11
ac_cv_env_AS_FOR_TARGET_set=set
ac_cv_env_AS_FOR_TARGET_value=llvm-as-11
ac_cv_env_AS_set=set
ac_cv_env_AS_value=llvm-as-11
ac_cv_env_CCC_set=
ac_cv_env_CCC_value=
ac_cv_env_CC_FOR_TARGET_set=set
ac_cv_env_CC_FOR_TARGET_value='clang-11 -m32 -D_FORTIFY_SOURCE=0 -D__GLIBC_USE\\(...\\)=0'
ac_cv_env_CC_set=set
ac_cv_env_CC_value='clang-11 -m32 -D_FORTIFY_SOURCE=0 -D__GLIBC_USE\\(...\\)=0'
ac_cv_env_CFLAGS_set=set
ac_cv_env_CFLAGS_value=-flto
ac_cv_env_CPPFLAGS_set=
ac_cv_env_CPPFLAGS_value=
ac_cv_env_CXXFLAGS_set=
ac_cv_env_CXXFLAGS_value=
ac_cv_env_CXX_FOR_TARGET_set=
ac_cv_env_CXX_FOR_TARGET_value=
ac_cv_env_CXX_set=set
ac_cv_env_CXX_value=clang++
ac_cv_env_DLLTOOL_FOR_TARGET_set=
ac_cv_env_DLLTOOL_FOR_TARGET_value=
ac_cv_env_DLLTOOL_set=
ac_cv_env_DLLTOOL_value=
ac_cv_env_GCC_FOR_TARGET_set=
ac_cv_env_GCC_FOR_TARGET_value=
ac_cv_env_GCJ_FOR_TARGET_set=
ac_cv_env_GCJ_FOR_TARGET_value=
ac_cv_env_GFORTRAN_FOR_TARGET_set=
ac_cv_env_GFORTRAN_FOR_TARGET_value=
ac_cv_env_GOC_FOR_TARGET_set=
ac_cv_env_GOC_FOR_TARGET_value=
ac_cv_env_LDFLAGS_set=
ac_cv_env_LDFLAGS_value=
ac_cv_env_LD_FOR_TARGET_set=
ac_cv_env_LD_FOR_TARGET_value=
ac_cv_env_LD_set=
ac_cv_env_LD_value=
ac_cv_env_LIBS_set=
ac_cv_env_LIBS_value=
ac_cv_env_LIPO_FOR_TARGET_set=
ac_cv_env_LIPO_FOR_TARGET_value=
ac_cv_env_LIPO_set=
ac_cv_env_LIPO_value=
ac_cv_env_NM_FOR_TARGET_set=
ac_cv_env_NM_FOR_TARGET_value=
ac_cv_env_NM_set=
ac_cv_env_NM_value=
ac_cv_env_OBJCOPY_FOR_TARGET_set=
ac_cv_env_OBJCOPY_FOR_TARGET_value=
ac_cv_env_OBJCOPY_set=
ac_cv_env_OBJCOPY_value=
ac_cv_env_OBJDUMP_FOR_TARGET_set=
ac_cv_env_OBJDUMP_FOR_TARGET_value=
ac_cv_env_OBJDUMP_set=
ac_cv_env_OBJDUMP_value=
ac_cv_env_RANLIB_FOR_TARGET_set=set
ac_cv_env_RANLIB_FOR_TARGET_value=llvm-ranlib-11
ac_cv_env_RANLIB_set=set
ac_cv_env_RANLIB_value=llvm-ranlib-11
ac_cv_env_READELF_FOR_TARGET_set=
ac_cv_env_READELF_FOR_TARGET_value=
ac_cv_env_READELF_set=
ac_cv_env_READELF_value=
ac_cv_env_STRIP_FOR_TARGET_set=
ac_cv_env_STRIP_FOR_TARGET_value=
ac_cv_env_STRIP_set=
ac_cv_env_STRIP_value=
ac_cv_env_WINDMC_FOR_TARGET_set=
ac_cv_env_WINDMC_FOR_TARGET_value=
ac_cv_env_WINDMC_set=
ac_cv_env_WINDMC_value=
ac_cv_env_WINDRES_FOR_TARGET_set=
ac_cv_env_WINDRES_FOR_TARGET_value=
ac_cv_env_WINDRES_set=
ac_cv_env_WINDRES_value=
ac_cv_env_build_alias_set=
ac_cv_env_build_alias_value=
ac_cv_env_build_configargs_set=
ac_cv_env_build_configargs_value=
ac_cv_env_host_alias_set=
ac_cv_env_host_alias_value=
ac_cv_env_host_configargs_set=
ac_cv_env_host_configargs_value=
ac_cv_env_target_alias_set=set
ac_cv_env_target_alias_value=zk
ac_cv_env_target_configargs_set=
ac_cv_env_target_configargs_value=
ac_cv_host=x86_64-pc-linux-gnu
ac_cv_objext=o
ac_cv_path_SED=/usr/bin/sed
ac_cv_path_install='/usr/bin/install -c'
ac_cv_prog_AR=llvm-ar-11
ac_cv_prog_AR_FOR_TARGET=llvm-ar-11
ac_cv_prog_AS=llvm-as-11
ac_cv_prog_AS_FOR_TARGET=llvm-as-11
ac_cv_prog_AWK=mawk
ac_cv_prog_CC_FOR_TARGET='clang-11 -m32 -D_FORTIFY_SOURCE=0 -D__GLIBC_USE\\(...\\)=0'
ac_cv_prog_LD=/usr/bin/ld
ac_cv_prog_M4=m4
ac_cv_prog_NM=nm
ac_cv_prog_OBJCOPY=objcopy
ac_cv_prog_OBJDUMP=objdump
ac_cv_prog_RANLIB=llvm-ranlib-11
ac_cv_prog_RANLIB_FOR_TARGET=llvm-ranlib-11
ac_cv_prog_READELF=readelf
ac_cv_prog_STRIP=strip
ac_cv_prog_ac_ct_CC='clang-11 -m32 -D_FORTIFY_SOURCE=0 -D__GLIBC_USE\\(...\\)=0'
ac_cv_prog_cc_c89=
ac_cv_prog_cc_g=yes
ac_cv_prog_cxx_g=yes
ac_cv_target=zk-unknown-none
acx_cv_cc_gcc_supports_ada=no
acx_cv_prog_LN=ln
gcc_cv_isl=no
gcc_cv_prog_cmp_skip='cmp --ignore-initial=16 $$f1 $$f2'
gcc_cv_tool_dirs=
gcc_cv_tool_prefix=/usr/local
lt_cv_objdir=.libs

## ----------------- ##
## Output variables. ##
## ----------------- ##

AR='llvm-ar-11'
AR_FOR_BUILD='$(AR)'
AR_FOR_TARGET='llvm-ar-11'
AS='llvm-as-11'
AS_FOR_BUILD='$(AS)'
AS_FOR_TARGET='llvm-as-11'
AWK='mawk'
BISON='/home/yibin/Documents/zk-llvm-backend/newlib-3.3.0/missing bison'
BUILD_CONFIG=''
CC='clang-11 -m32 -D_FORTIFY_SOURCE=0 -D__GLIBC_USE\\(...\\)=0'
CC_FOR_BUILD='$(CC)'
CC_FOR_TARGET='clang-11 -m32 -D_FORTIFY_SOURCE=0 -D__GLIBC_USE\\(...\\)=0'
CFLAGS='-flto'
CFLAGS_FOR_BUILD='-flto'
CFLAGS_FOR_TARGET='-flto'
COMPILER_AS_FOR_TARGET='$(AS_FOR_TARGET)'
COMPILER_LD_FOR_TARGET='$(LD_FOR_TARGET)'
COMPILER_NM_FOR_TARGET='$(NM_FOR_TARGET)'
CONFIGURE_GDB_TK=''
CPPFLAGS=''
CXX='clang++'
CXXFLAGS='-g -O2'
CXXFLAGS_FOR_BUILD='-g -O2'
CXXFLAGS_FOR_TARGET='-g -O2'
CXX_FOR_BUILD='$(CXX)'
CXX_FOR_TARGET='zk-c++'
DEBUG_PREFIX_CFLAGS_FOR_TARGET=''
DEFS='-DPACKAGE_NAME=\"\" -DPACKAGE_TARNAME=\"\" -DPACKAGE_VERSION=\"\" -DPACKAGE_STRING=\"\" -DPACKAGE_BUGREPORT=\"\" -DPACKAGE_URL=\"\" -DLT_OBJDIR=\".libs/\"'
DLLTOOL='dlltool'
DLLTOOL_FOR_BUILD='$(DLLTOOL)'
DLLTOOL_FOR_TARGET='zk-dlltool'
ECHO_C=''
ECHO_N='-n'
ECHO_T=''
EXEEXT=''
EXPECT='expect'
EXTRA_CONFIGARGS_LIBJAVA='--disable-static'
FLAGS_FOR_TARGET=' -B$$r/$(TARGET_SUBDIR)/newlib/ -isystem $$r/$(TARGET_SUBDIR)/newlib/targ-include -isystem $$s/newlib/libc/include -B$$r/$(TARGET_SUBDIR)/libgloss/zk -L$$r/$(TARGET_SUBDIR)/libgloss/libnosys -L$$s/libgloss/zk'
FLEX='/home/yibin/Documents/zk-llvm-backend/newlib-3.3.0/missing flex'
GCC_FOR_TARGET='clang-11 -m32 -D_FORTIFY_SOURCE=0 -D__GLIBC_USE\\(...\\)=0'
GCC_SHLIB_SUBDIR=''
GCJ_FOR_BUILD='$(GCJ)'
GCJ_FOR_TARGET='zk-gcj'
GDB_TK=''
GFORTRAN_FOR_BUILD='$(GFORTRAN)'
GFORTRAN_FOR_TARGET='zk-gfortran'
GNATBIND='no'
GNATMAKE='no'
GOC_FOR_BUILD='$(GOC)'
GOC_FOR_TARGET='zk-gccgo'
INSTALL_DATA='${INSTALL} -m 644'
INSTALL_GDB_TK=''
INSTALL_PROGRAM='${INSTALL}'
INSTALL_SCRIPT='${INSTALL}'
LD='/usr/bin/ld'
LDFLAGS=''
LDFLAGS_FOR_BUILD=''
LDFLAGS_FOR_TARGET=''
LD_FOR_BUILD='$(LD)'
LD_FOR_TARGET='zk-ld'
LEX='/home/yibin/Documents/zk-llvm-backend/newlib-3.3.0/missing flex'
LIBOBJS=''
LIBS=''
LIPO='lipo'
LIPO_FOR_TARGET='zk-lipo'
LN='ln'
LN_S='ln -s'
LTLIBOBJS=''
M4='m4'
MAINT='#'
MAINTAINER_MODE_FALSE=''
MAINTAINER_MODE_TRUE='#'
MAKEINFO='/home/yibin/Documents/zk-llvm-backend/newlib-3.3.0/missing makeinfo'
NM='nm'
NM_FOR_BUILD='$(NM)'
NM_FOR_TARGET='zk-nm'
OBJCOPY='objcopy'
OBJCOPY_FOR_TARGET='zk-objcopy'
OBJDUMP='objdump'
OBJDUMP_FOR_TARGET='zk-objdump'
OBJEXT='o'
PACKAGE_BUGREPORT=''
PACKAGE_NAME=''
PACKAGE_STRING=''
PACKAGE_TARNAME=''
PACKAGE_URL=''
PACKAGE_VERSION=''
PATH_SEPARATOR=':'
RANLIB='llvm-ranlib-11'
RANLIB_FOR_BUILD='$(RANLIB)'
RANLIB_FOR_TARGET='llvm-ranlib-11'
RAW_CXX_FOR_TARGET='zk-c++'
READELF='readelf'
READELF_FOR_TARGET='zk-readelf'
RPATH_ENVVAR='LD_LIBRARY_PATH'
RUNTEST='runtest'
SED='/usr/bin/sed'
SHELL='/bin/bash'
STRIP='strip'
STRIP_FOR_TARGET='zk-strip'
SYSROOT_CFLAGS_FOR_TARGET=''
TOPLEVEL_CONFIGURE_ARGUMENTS='../newlib-3.3.0/configure --target=zk --with-newlib --disable-multilib CC='\''clang-11 -m32 -D_FORTIFY_SOURCE=0 -D__GLIBC_USE\\(...\\)=0'\'' CFLAGS=-flto AR=llvm-ar-11 AS=llvm-as-11 RANLIB=llvm-ranlib-11 --disable-newlib-io-float --disable-newlib-io-long-long '\''CC_FOR_TARGET=clang-11 -m32 -D_FORTIFY_SOURCE=0 -D__GLIBC_USE\\(...\\)=0'\'' CFLAGS_FOR_TARGET=-flto AR_FOR_TARGET=llvm-ar-11 AS_FOR_TARGET=llvm-as-11 RANLIB_FOR_TARGET=llvm-ranlib-11'
WINDMC='windmc'
WINDMC_FOR_BUILD='$(WINDMC)'
WINDMC_FOR_TARGET='zk-windmc'
WINDRES='windres'
WINDRES_FOR_BUILD='$(WINDRES)'
WINDRES_FOR_TARGET='zk-windres'
YACC='/home/yibin/Documents/zk-llvm-backend/newlib-3.3.0/missing bison -y'
ac_ct_CC='clang-11 -m32 -D_FORTIFY_SOURCE=0 -D__GLIBC_USE\\(...\\)=0'
ac_ct_CXX=''
bindir='${exec_prefix}/bin'
build='x86_64-pc-linux-gnu'
build_alias=''
build_configargs=' --cache-file=./config.cache '\''--with-newlib'\'' '\''--disable-multilib'\'' '\''--disable-newlib-io-float'\'' '\''--disable-newlib-io-long-long'\'' --program-transform-name='\''s&^&zk-&'\'' --disable-option-checking'
build_configdirs=''
build_cpu='x86_64'
build_libsubdir='build-x86_64-pc-linux-gnu'
build_noncanonical='x86_64-pc-linux-gnu'
build_os='linux-gnu'
build_subdir='build-x86_64-pc-linux-gnu'
build_tooldir='${exec_prefix}/zk'
build_vendor='pc'
compare_exclusions='gcc/cc*-checksum$(objext) | gcc/ada/*tools/*'
configdirs=' etc'
datadir='${datarootdir}'
datarootdir='${prefix}/share'
do_compare='cmp --ignore-initial=16 $$f1 $$f2'
docdir='${datarootdir}/doc/${PACKAGE}'
dvidir='${docdir}'
exec_prefix='${prefix}'
extra_host_libiberty_configure_flags=''
extra_host_zlib_configure_flags=''
extra_isl_gmp_configure_flags=''
extra_liboffloadmic_configure_flags=''
extra_linker_plugin_configure_flags=''
extra_linker_plugin_flags=''
extra_mpc_gmp_configure_flags=''
extra_mpc_mpfr_configure_flags=''
extra_mpfr_configure_flags=''
gmpinc=''
gmplibs='-lmpc -lmpfr -lgmp'
host='x86_64-pc-linux-gnu'
host_alias=''
host_configargs=' --cache-file=./config.cache  --with-system-zlib --with-newlib '\''--with-newlib'\'' '\''--disable-multilib'\'' '\''--disable-newlib-io-float'\'' '\''--disable-newlib-io-long-long'\'' --program-transform-name='\''s&^&zk-&'\'' --disable-option-checking'
host_cpu='x86_64'
host_noncanonical='x86_64-pc-linux-gnu'
host_os='linux-gnu'
host_shared='no'
host_subdir='.'
host_vendor='pc'
htmldir='${docdir}'
includedir='${prefix}/include'
infodir='${datarootdir}/info'
islinc=''
isllibs=''
islver=''
libdir='${exec_prefix}/lib'
libexecdir='${exec_prefix}/libexec'
localedir='${datarootdir}/locale'
localstatedir='${prefix}/var'
mandir='${datarootdir}/man'
oldincludedir='/usr/include'
pdfdir='${docdir}'
poststage1_ldflags='-static-libstdc++ -static-libgcc'
poststage1_libs=''
prefix='/usr/local'
program_transform_name='s&^&zk-&'
psdir='${docdir}'
sbindir='${exec_prefix}/sbin'
sharedstatedir='${prefix}/com'
stage1_cflags='-g'
stage1_checking='--enable-checking=yes,types'
stage1_languages=',c,'
stage1_ldflags=''
stage1_libs=''
stage2_werror_flag=''
sysconfdir='${prefix}/etc'
target='zk-unknown-none'
target_alias='zk'
target_configargs='--cache-file=./config.cache --with-newlib --with-cross-host=x86_64-pc-linux-gnu   '\''--with-newlib'\'' '\''--disable-multilib'\'' '\''--disable-newlib-io-float'\'' '\''--disable-newlib-io-long-long'\'' --program-transform-name='\''s&^&zk-&'\'' --disable-option-checking'
target_configdirs='libgloss newlib'
target_cpu='zk'
target_noncanonical='zk'
target_os='none'
target_subdir='zk'
target_vendor='unknown'
tooldir='${exec_prefix}/zk'

## ------------------- ##
## File substitutions. ##
## ------------------- ##

alphaieee_frag='/dev/null'
host_makefile_frag='/dev/null'
ospace_frag='/dev/null'
serialization_dependencies='serdep.tmp'
target_makefile_frag='/dev/null'

## ----------- ##
## confdefs.h. ##
## ----------- ##

/* confdefs.h */
#define PACKAGE_NAME ""
#define PACKAGE_TARNAME ""
#define PACKAGE_VERSION ""
#define PACKAGE_STRING ""
#define PACKAGE_BUGREPORT ""
#define PACKAGE_URL ""
#define LT_OBJDIR ".libs/"

configure: exit 0
