This file contains any messages produced by compilers while
running configure, to aid debugging if configure makes a mistake.

It was created by newlib configure 3.3.0, which was
generated by GNU Autoconf 2.68.  Invocation command line was

  $ /tight-zkvm/toolchain/zk-llvm-backend/newlib-3.3.0/newlib/libm/configure --disable-option-checking --prefix=/usr/local --with-cross-host=x86_64-pc-linux-gnu --with-newlib --disable-multilib --disable-newlib-io-float --disable-newlib-io-long-long --program-transform-name=s&^&zk-& --with-target-subdir=zk --build=x86_64-pc-linux-gnu --host=zk --target=zk build_alias=x86_64-pc-linux-gnu host_alias=zk target_alias=zk CC=clang-10 -m32 -D_FORTIFY_SOURCE=0 -D__GLIBC_USE\(...\)=0 -B/tight-zkvm/toolchain/zknewlib/zk/newlib/ -isystem /tight-zkvm/toolchain/zknewlib/zk/newlib/targ-include -isystem /tight-zkvm/toolchain/zk-llvm-backend/newlib-3.3.0/newlib/libc/include -B/tight-zkvm/toolchain/zknewlib/zk/libgloss/zk -L/tight-zkvm/toolchain/zknewlib/zk/libgloss/libnosys -L/tight-zkvm/toolchain/zk-llvm-backend/newlib-3.3.0/libgloss/zk    CFLAGS=-flto LDFLAGS= CPPFLAGS= --cache-file=.././config.cache --srcdir=/tight-zkvm/toolchain/zk-llvm-backend/newlib-3.3.0/newlib/libm

## --------- ##
## Platform. ##
## --------- ##

hostname = 203bdde95f18
uname -m = x86_64
uname -r = 6.8.0-87-generic
uname -s = Linux
uname -v = #88-Ubuntu SMP PREEMPT_DYNAMIC Sat Oct 11 09:28:41 UTC 2025

/usr/bin/uname -p = x86_64
/bin/uname -X     = unknown

/bin/arch              = x86_64
/usr/bin/arch -k       = unknown
/usr/convex/getsysinfo = unknown
/usr/bin/hostinfo      = unknown
/bin/machine           = unknown
/usr/bin/oslevel       = unknown
/bin/universe          = unknown

PATH: /usr/local/sbin
PATH: /usr/local/bin
PATH: /usr/sbin
PATH: /usr/bin
PATH: /sbin
PATH: /bin


## ----------- ##
## Core tests. ##
## ----------- ##

configure:2058: loading cache .././config.cache
configure:2161: checking Checking long double support
configure:2185: result: yes
configure:2231: checking build system type
configure:2245: result: x86_64-pc-linux-gnu
configure:2265: checking host system type
configure:2278: result: zk-unknown-none
configure:2314: checking for a BSD-compatible install
configure:2382: result: /usr/bin/install -c
configure:2393: checking whether build environment is sane
configure:2443: result: yes
configure:2492: checking for zk-strip
configure:2519: result: zk-strip
configure:2584: checking for a thread-safe mkdir -p
configure:2623: result: /usr/bin/mkdir -p
configure:2636: checking for gawk
configure:2663: result: gawk
configure:2674: checking whether make sets $(MAKE)
configure:2696: result: yes
configure:2726: checking for style of include used by make
configure:2754: result: GNU
configure:2976: checking for gcc
configure:3003: result: clang-10 -m32 -D_FORTIFY_SOURCE=0 -D__GLIBC_USE\(...\)=0 -B/tight-zkvm/toolchain/zknewlib/zk/newlib/ -isystem /tight-zkvm/toolchain/zknewlib/zk/newlib/targ-include -isystem /tight-zkvm/toolchain/zk-llvm-backend/newlib-3.3.0/newlib/libc/include -B/tight-zkvm/toolchain/zknewlib/zk/libgloss/zk -L/tight-zkvm/toolchain/zknewlib/zk/libgloss/libnosys -L/tight-zkvm/toolchain/zk-llvm-backend/newlib-3.3.0/libgloss/zk   
configure:3014: checking dependency style of clang-10 -m32 -D_FORTIFY_SOURCE=0 -D__GLIBC_USE\(...\)=0 -B/tight-zkvm/toolchain/zknewlib/zk/newlib/ -isystem /tight-zkvm/toolchain/zknewlib/zk/newlib/targ-include -isystem /tight-zkvm/toolchain/zk-llvm-backend/newlib-3.3.0/newlib/libc/include -B/tight-zkvm/toolchain/zknewlib/zk/libgloss/zk -L/tight-zkvm/toolchain/zknewlib/zk/libgloss/libnosys -L/tight-zkvm/toolchain/zk-llvm-backend/newlib-3.3.0/libgloss/zk   
configure:3125: result: gcc3
configure:3198: checking whether we are using GNU C
configure:3219: result: yes
configure:3228: checking whether clang-10 -m32 -D_FORTIFY_SOURCE=0 -D__GLIBC_USE\(...\)=0 -B/tight-zkvm/toolchain/zknewlib/zk/newlib/ -isystem /tight-zkvm/toolchain/zknewlib/zk/newlib/targ-include -isystem /tight-zkvm/toolchain/zk-llvm-backend/newlib-3.3.0/newlib/libc/include -B/tight-zkvm/toolchain/zknewlib/zk/libgloss/zk -L/tight-zkvm/toolchain/zknewlib/zk/libgloss/libnosys -L/tight-zkvm/toolchain/zk-llvm-backend/newlib-3.3.0/libgloss/zk    accepts -g
configure:3289: result: no
configure:3322: checking for zk-as
configure:3349: result: llvm-as-10
configure:3414: checking for zk-ar
configure:3441: result: llvm-ar-10
configure:3506: checking for zk-ranlib
configure:3533: result: llvm-ranlib-10
configure:3598: checking for zk-readelf
configure:3625: result: zk-readelf
configure:3694: checking whether to enable maintainer-specific portions of Makefiles
configure:3703: result: no
configure:3817: checking for a sed that does not truncate output
configure:3881: result: /usr/bin/sed
configure:3903: checking how to print strings
configure:3930: result: printf
configure:12071: creating ./config.status

## ---------------------- ##
## Running config.status. ##
## ---------------------- ##

This file was extended by newlib config.status 3.3.0, which was
generated by GNU Autoconf 2.68.  Invocation command line was

  CONFIG_FILES    = 
  CONFIG_HEADERS  = 
  CONFIG_LINKS    = 
  CONFIG_COMMANDS = 
  $ ./config.status 

on 203bdde95f18

config.status:1037: creating Makefile
config.status:1037: creating math/Makefile
config.status:1037: creating mathfp/Makefile
config.status:1037: creating common/Makefile
config.status:1037: creating complex/Makefile
config.status:1037: creating fenv/Makefile
config.status:1194: executing depfiles commands
configure:14195: === configuring in machine (/tight-zkvm/toolchain/zknewlib/zk/newlib/libm/machine)
configure:14258: running /bin/bash /tight-zkvm/toolchain/zk-llvm-backend/newlib-3.3.0/newlib/libm/machine/configure --disable-option-checking '--prefix=/usr/local'  '--with-cross-host=x86_64-pc-linux-gnu' '--with-newlib' '--disable-multilib' '--disable-newlib-io-float' '--disable-newlib-io-long-long' '--program-transform-name=s&^&zk-&' '--with-target-subdir=zk' '--build=x86_64-pc-linux-gnu' '--host=zk' '--target=zk' 'build_alias=x86_64-pc-linux-gnu' 'host_alias=zk' 'target_alias=zk' 'CC=clang-10 -m32 -D_FORTIFY_SOURCE=0 -D__GLIBC_USE\(...\)=0 -B/tight-zkvm/toolchain/zknewlib/zk/newlib/ -isystem /tight-zkvm/toolchain/zknewlib/zk/newlib/targ-include -isystem /tight-zkvm/toolchain/zk-llvm-backend/newlib-3.3.0/newlib/libc/include -B/tight-zkvm/toolchain/zknewlib/zk/libgloss/zk -L/tight-zkvm/toolchain/zknewlib/zk/libgloss/libnosys -L/tight-zkvm/toolchain/zk-llvm-backend/newlib-3.3.0/libgloss/zk   ' 'CFLAGS=-flto' 'LDFLAGS=' 'CPPFLAGS=' --cache-file=../.././config.cache --srcdir=/tight-zkvm/toolchain/zk-llvm-backend/newlib-3.3.0/newlib/libm/machine

## ---------------- ##
## Cache variables. ##
## ---------------- ##

ac_cv_build=x86_64-pc-linux-gnu
ac_cv_c_compiler_gnu=yes
ac_cv_env_CCASFLAGS_set=
ac_cv_env_CCASFLAGS_value=
ac_cv_env_CCAS_set=
ac_cv_env_CCAS_value=
ac_cv_env_CC_set=set
ac_cv_env_CC_value='clang-10 -m32 -D_FORTIFY_SOURCE=0 -D__GLIBC_USE\(...\)=0 -B/tight-zkvm/toolchain/zknewlib/zk/newlib/ -isystem /tight-zkvm/toolchain/zknewlib/zk/newlib/targ-include -isystem /tight-zkvm/toolchain/zk-llvm-backend/newlib-3.3.0/newlib/libc/include -B/tight-zkvm/toolchain/zknewlib/zk/libgloss/zk -L/tight-zkvm/toolchain/zknewlib/zk/libgloss/libnosys -L/tight-zkvm/toolchain/zk-llvm-backend/newlib-3.3.0/libgloss/zk   '
ac_cv_env_CFLAGS_set=set
ac_cv_env_CFLAGS_value=-flto
ac_cv_env_CPPFLAGS_set=set
ac_cv_env_CPPFLAGS_value=
ac_cv_env_CPP_set=
ac_cv_env_CPP_value=
ac_cv_env_LDFLAGS_set=set
ac_cv_env_LDFLAGS_value=
ac_cv_env_LIBS_set=
ac_cv_env_LIBS_value=
ac_cv_env_build_alias_set=set
ac_cv_env_build_alias_value=x86_64-pc-linux-gnu
ac_cv_env_host_alias_set=set
ac_cv_env_host_alias_value=zk
ac_cv_env_target_alias_set=set
ac_cv_env_target_alias_value=zk
ac_cv_host=zk-unknown-none
ac_cv_path_SED=/usr/bin/sed
ac_cv_path_mkdir=/usr/bin/mkdir
ac_cv_prog_AR=llvm-ar-10
ac_cv_prog_AS=llvm-as-10
ac_cv_prog_AWK=gawk
ac_cv_prog_CC='clang-10 -m32 -D_FORTIFY_SOURCE=0 -D__GLIBC_USE\(...\)=0 -B/tight-zkvm/toolchain/zknewlib/zk/newlib/ -isystem /tight-zkvm/toolchain/zknewlib/zk/newlib/targ-include -isystem /tight-zkvm/toolchain/zk-llvm-backend/newlib-3.3.0/newlib/libc/include -B/tight-zkvm/toolchain/zknewlib/zk/libgloss/zk -L/tight-zkvm/toolchain/zknewlib/zk/libgloss/libnosys -L/tight-zkvm/toolchain/zk-llvm-backend/newlib-3.3.0/libgloss/zk   '
ac_cv_prog_RANLIB=llvm-ranlib-10
ac_cv_prog_READELF=zk-readelf
ac_cv_prog_STRIP=zk-strip
ac_cv_prog_cc_g=no
ac_cv_prog_make_make_set=yes
acnewlib_cv_type_long_double=yes
am_cv_CC_dependencies_compiler_type=gcc3
libc_cv_cc_loop_to_function=no
libc_cv_initfinit_array=no
newlib_cv_ldbl_eq_dbl=no

## ----------------- ##
## Output variables. ##
## ----------------- ##

ACLOCAL='${SHELL} /tight-zkvm/toolchain/zk-llvm-backend/newlib-3.3.0/missing --run aclocal-1.11'
AMDEPBACKSLASH='\'
AMDEP_FALSE='#'
AMDEP_TRUE=''
AMTAR='$${TAR-tar}'
AR='llvm-ar-10'
AS='llvm-as-10'
AUTOCONF='${SHELL} /tight-zkvm/toolchain/zk-llvm-backend/newlib-3.3.0/missing --run autoconf'
AUTOHEADER='${SHELL} /tight-zkvm/toolchain/zk-llvm-backend/newlib-3.3.0/missing --run autoheader'
AUTOMAKE='${SHELL} /tight-zkvm/toolchain/zk-llvm-backend/newlib-3.3.0/missing --run automake-1.11'
AWK='gawk'
CC='clang-10 -m32 -D_FORTIFY_SOURCE=0 -D__GLIBC_USE\(...\)=0 -B/tight-zkvm/toolchain/zknewlib/zk/newlib/ -isystem /tight-zkvm/toolchain/zknewlib/zk/newlib/targ-include -isystem /tight-zkvm/toolchain/zk-llvm-backend/newlib-3.3.0/newlib/libc/include -B/tight-zkvm/toolchain/zknewlib/zk/libgloss/zk -L/tight-zkvm/toolchain/zknewlib/zk/libgloss/libnosys -L/tight-zkvm/toolchain/zk-llvm-backend/newlib-3.3.0/libgloss/zk   '
CCAS='clang-10 -m32 -D_FORTIFY_SOURCE=0 -D__GLIBC_USE\(...\)=0 -B/tight-zkvm/toolchain/zknewlib/zk/newlib/ -isystem /tight-zkvm/toolchain/zknewlib/zk/newlib/targ-include -isystem /tight-zkvm/toolchain/zk-llvm-backend/newlib-3.3.0/newlib/libc/include -B/tight-zkvm/toolchain/zknewlib/zk/libgloss/zk -L/tight-zkvm/toolchain/zknewlib/zk/libgloss/libnosys -L/tight-zkvm/toolchain/zk-llvm-backend/newlib-3.3.0/libgloss/zk   '
CCASFLAGS='-flto'
CCDEPMODE='depmode=gcc3'
CFLAGS='-flto'
CPP=''
CPPFLAGS=''
CYGPATH_W='echo'
DEFS='-DPACKAGE_NAME=\"newlib\" -DPACKAGE_TARNAME=\"newlib\" -DPACKAGE_VERSION=\"3.3.0\" -DPACKAGE_STRING=\"newlib\ 3.3.0\" -DPACKAGE_BUGREPORT=\"\" -DPACKAGE_URL=\"\"'
DEPDIR='.deps'
DLLTOOL='zk-dlltool'
DSYMUTIL=''
DUMPBIN=''
ECHO_C=''
ECHO_N='-n'
ECHO_T=''
EGREP=''
ELIX_LEVEL_0_FALSE='#'
ELIX_LEVEL_0_TRUE=''
ELIX_LEVEL_1_FALSE=''
ELIX_LEVEL_1_TRUE='#'
ELIX_LEVEL_2_FALSE=''
ELIX_LEVEL_2_TRUE='#'
ELIX_LEVEL_3_FALSE=''
ELIX_LEVEL_3_TRUE='#'
ELIX_LEVEL_4_FALSE=''
ELIX_LEVEL_4_TRUE='#'
EXEEXT=''
FGREP=''
GREP=''
HAVE_LONG_DOUBLE_FALSE='#'
HAVE_LONG_DOUBLE_TRUE=''
INSTALL_DATA='/usr/bin/install -c -m 644'
INSTALL_PROGRAM='/usr/bin/install -c'
INSTALL_SCRIPT='/usr/bin/install -c'
INSTALL_STRIP_PROGRAM='$(install_sh) -c -s'
LD='zk-ld'
LDFLAGS=''
LIBM_MACHINE_LIB=''
LIBOBJS=''
LIBS=''
LIBTOOL=''
LIPO='zk-lipo'
LN_S=''
LTLIBOBJS=''
MAINT='#'
MAINTAINER_MODE_FALSE=''
MAINTAINER_MODE_TRUE='#'
MAKEINFO='/tight-zkvm/toolchain/zk-llvm-backend/newlib-3.3.0/missing makeinfo --split-size=5000000'
MAY_SUPPLY_SYSCALLS_FALSE='#'
MAY_SUPPLY_SYSCALLS_TRUE=''
MKDIR_P='/usr/bin/mkdir -p'
NEWLIB_CFLAGS=' -fno-builtin -DNO_FLOATING_POINT'
NEWLIB_HW_FP_FALSE=''
NEWLIB_HW_FP_TRUE='#'
NM='zk-nm'
NMEDIT=''
NO_INCLUDE_LIST=' rpc/types.h rpc/xdr.h'
OBJDUMP='zk-objdump'
OBJEXT='o'
OTOOL64=''
OTOOL=''
PACKAGE='newlib'
PACKAGE_BUGREPORT=''
PACKAGE_NAME='newlib'
PACKAGE_STRING='newlib 3.3.0'
PACKAGE_TARNAME='newlib'
PACKAGE_URL=''
PACKAGE_VERSION='3.3.0'
PATH_SEPARATOR=':'
RANLIB='llvm-ranlib-10'
READELF='zk-readelf'
SED='/usr/bin/sed'
SET_MAKE=''
SHELL='/bin/bash'
STRIP='zk-strip'
USE_LIBTOOL_FALSE=''
USE_LIBTOOL_TRUE='#'
VERSION='3.3.0'
ac_ct_CC=''
ac_ct_DUMPBIN=''
aext='a'
am__EXEEXT_FALSE=''
am__EXEEXT_TRUE='#'
am__fastdepCC_FALSE='#'
am__fastdepCC_TRUE=''
am__include='include'
am__isrc=' -I$(srcdir)'
am__leading_dot='.'
am__nodep='_no'
am__quote=''
am__tar='$${TAR-tar} chof - "$$tardir"'
am__untar='$${TAR-tar} xf -'
bindir='${exec_prefix}/bin'
build='x86_64-pc-linux-gnu'
build_alias='x86_64-pc-linux-gnu'
build_cpu='x86_64'
build_os='linux-gnu'
build_vendor='pc'
datadir='${datarootdir}'
datarootdir='${prefix}/share'
docdir='${datarootdir}/doc/${PACKAGE_TARNAME}'
dvidir='${docdir}'
exec_prefix='${prefix}'
host='zk-unknown-none'
host_alias='zk'
host_cpu='zk'
host_os='none'
host_vendor='unknown'
htmldir='${docdir}'
includedir='${prefix}/include'
infodir='${datarootdir}/info'
install_sh='${SHELL} /tight-zkvm/toolchain/zk-llvm-backend/newlib-3.3.0/install-sh'
libdir='${exec_prefix}/lib'
libexecdir='${exec_prefix}/libexec'
libm_machine_dir=''
localedir='${datarootdir}/locale'
localstatedir='${prefix}/var'
lpfx='lib_a-'
machine_dir='zk'
mandir='${datarootdir}/man'
mkdir_p='/usr/bin/mkdir -p'
newlib_basedir='/tight-zkvm/toolchain/zk-llvm-backend/newlib-3.3.0/newlib/libm/..'
oext='o'
oldincludedir='/usr/include'
pdfdir='${docdir}'
prefix='/usr/local'
program_transform_name='s&^&zk-&'
psdir='${docdir}'
sbindir='${exec_prefix}/sbin'
sharedstatedir='${prefix}/com'
subdirs=' machine'
sys_dir=''
sysconfdir='${prefix}/etc'
target_alias='zk'

## ----------- ##
## confdefs.h. ##
## ----------- ##

/* confdefs.h */
#define PACKAGE_NAME "newlib"
#define PACKAGE_TARNAME "newlib"
#define PACKAGE_VERSION "3.3.0"
#define PACKAGE_STRING "newlib 3.3.0"
#define PACKAGE_BUGREPORT ""
#define PACKAGE_URL ""

configure: exit 0
