This file contains any messages produced by compilers while
running configure, to aid debugging if configure makes a mistake.

It was created by newlib configure 3.3.0, which was
generated by GNU Autoconf 2.68.  Invocation command line was

  $ ../../../../newlib-3.3.0/newlib/libc/configure --disable-option-checking --prefix=/usr/local --with-cross-host=x86_64-pc-linux-gnu --with-newlib --disable-multilib --disable-newlib-io-float --disable-newlib-io-long-long --program-transform-name=s&^&zk-& --with-target-subdir=zk --build=x86_64-pc-linux-gnu --host=zk --target=zk build_alias=x86_64-pc-linux-gnu host_alias=zk target_alias=zk CC=clang-11 -m32 -D_FORTIFY_SOURCE=0 -D__GLIBC_USE\(...\)=0 -B/home/yibin/Documents/zk-llvm-backend/zknewlib/zk/newlib/ -isystem /home/yibin/Documents/zk-llvm-backend/zknewlib/zk/newlib/targ-include -isystem /home/yibin/Documents/zk-llvm-backend/newlib-3.3.0/newlib/libc/include -B/home/yibin/Documents/zk-llvm-backend/zknewlib/zk/libgloss/zk -L/home/yibin/Documents/zk-llvm-backend/zknewlib/zk/libgloss/libnosys -L/home/yibin/Documents/zk-llvm-backend/newlib-3.3.0/libgloss/zk    CFLAGS=-flto LDFLAGS= CPPFLAGS= --cache-file=.././config.cache --srcdir=../../../../newlib-3.3.0/newlib/libc

## --------- ##
## Platform. ##
## --------- ##

hostname = yibin-Z390-AORUS-PRO-WIFI
uname -m = x86_64
uname -r = 6.8.0-87-generic
uname -s = Linux
uname -v = #88~22.04.1-Ubuntu SMP PREEMPT_DYNAMIC Tue Oct 14 14:03:14 UTC 2

/usr/bin/uname -p = x86_64
/bin/uname -X     = unknown

/bin/arch              = x86_64
/usr/bin/arch -k       = unknown
/usr/convex/getsysinfo = unknown
/usr/bin/hostinfo      = unknown
/bin/machine           = unknown
/usr/bin/oslevel       = unknown
/bin/universe          = unknown

PATH: /usr/local/sbin
PATH: /usr/local/bin
PATH: /usr/sbin
PATH: /usr/bin
PATH: /sbin
PATH: /bin
PATH: /usr/games
PATH: /usr/local/games
PATH: /snap/bin
PATH: /snap/bin


## ----------- ##
## Core tests. ##
## ----------- ##

configure:2105: loading cache .././config.cache
configure:2286: checking build system type
configure:2300: result: x86_64-pc-linux-gnu
configure:2320: checking host system type
configure:2333: result: zk-unknown-none
configure:2369: checking for a BSD-compatible install
configure:2437: result: /usr/bin/install -c
configure:2448: checking whether build environment is sane
configure:2498: result: yes
configure:2547: checking for zk-strip
configure:2574: result: zk-strip
configure:2639: checking for a thread-safe mkdir -p
configure:2678: result: /usr/bin/mkdir -p
configure:2691: checking for gawk
configure:2718: result: mawk
configure:2729: checking whether make sets $(MAKE)
configure:2751: result: yes
configure:2781: checking for style of include used by make
configure:2809: result: GNU
configure:3031: checking for gcc
configure:3058: result: clang-11 -m32 -D_FORTIFY_SOURCE=0 -D__GLIBC_USE\(...\)=0 -B/home/yibin/Documents/zk-llvm-backend/zknewlib/zk/newlib/ -isystem /home/yibin/Documents/zk-llvm-backend/zknewlib/zk/newlib/targ-include -isystem /home/yibin/Documents/zk-llvm-backend/newlib-3.3.0/newlib/libc/include -B/home/yibin/Documents/zk-llvm-backend/zknewlib/zk/libgloss/zk -L/home/yibin/Documents/zk-llvm-backend/zknewlib/zk/libgloss/libnosys -L/home/yibin/Documents/zk-llvm-backend/newlib-3.3.0/libgloss/zk   
configure:3069: checking dependency style of clang-11 -m32 -D_FORTIFY_SOURCE=0 -D__GLIBC_USE\(...\)=0 -B/home/yibin/Documents/zk-llvm-backend/zknewlib/zk/newlib/ -isystem /home/yibin/Documents/zk-llvm-backend/zknewlib/zk/newlib/targ-include -isystem /home/yibin/Documents/zk-llvm-backend/newlib-3.3.0/newlib/libc/include -B/home/yibin/Documents/zk-llvm-backend/zknewlib/zk/libgloss/zk -L/home/yibin/Documents/zk-llvm-backend/zknewlib/zk/libgloss/libnosys -L/home/yibin/Documents/zk-llvm-backend/newlib-3.3.0/libgloss/zk   
configure:3180: result: gcc3
configure:3253: checking whether we are using GNU C
configure:3274: result: yes
configure:3283: checking whether clang-11 -m32 -D_FORTIFY_SOURCE=0 -D__GLIBC_USE\(...\)=0 -B/home/yibin/Documents/zk-llvm-backend/zknewlib/zk/newlib/ -isystem /home/yibin/Documents/zk-llvm-backend/zknewlib/zk/newlib/targ-include -isystem /home/yibin/Documents/zk-llvm-backend/newlib-3.3.0/newlib/libc/include -B/home/yibin/Documents/zk-llvm-backend/zknewlib/zk/libgloss/zk -L/home/yibin/Documents/zk-llvm-backend/zknewlib/zk/libgloss/libnosys -L/home/yibin/Documents/zk-llvm-backend/newlib-3.3.0/libgloss/zk    accepts -g
configure:3344: result: no
configure:3377: checking for zk-as
configure:3404: result: llvm-as-11
configure:3469: checking for zk-ar
configure:3496: result: llvm-ar-11
configure:3561: checking for zk-ranlib
configure:3588: result: llvm-ranlib-11
configure:3653: checking for zk-readelf
configure:3680: result: zk-readelf
configure:3749: checking whether to enable maintainer-specific portions of Makefiles
configure:3758: result: no
configure:3881: checking for a sed that does not truncate output
configure:3945: result: /usr/bin/sed
configure:3967: checking how to print strings
configure:3994: result: printf
configure:12088: checking Checking long double support
configure:12112: result: yes
configure:12386: creating ./config.status

## ---------------------- ##
## Running config.status. ##
## ---------------------- ##

This file was extended by newlib config.status 3.3.0, which was
generated by GNU Autoconf 2.68.  Invocation command line was

  CONFIG_FILES    = 
  CONFIG_HEADERS  = 
  CONFIG_LINKS    = 
  CONFIG_COMMANDS = 
  $ ./config.status 

on yibin-Z390-AORUS-PRO-WIFI

config.status:1098: creating Makefile
config.status:1098: creating argz/Makefile
config.status:1098: creating ctype/Makefile
config.status:1098: creating errno/Makefile
config.status:1098: creating locale/Makefile
config.status:1098: creating misc/Makefile
config.status:1098: creating reent/Makefile
config.status:1098: creating search/Makefile
config.status:1098: creating stdio/Makefile
config.status:1098: creating stdio64/Makefile
config.status:1098: creating stdlib/Makefile
config.status:1098: creating string/Makefile
config.status:1098: creating time/Makefile
config.status:1098: creating posix/Makefile
config.status:1098: creating signal/Makefile
config.status:1098: creating syscalls/Makefile
config.status:1098: creating unix/Makefile
config.status:1098: creating iconv/Makefile
config.status:1098: creating iconv/ces/Makefile
config.status:1098: creating iconv/ccs/Makefile
config.status:1098: creating iconv/ccs/binary/Makefile
config.status:1098: creating iconv/lib/Makefile
config.status:1098: creating ssp/Makefile
config.status:1098: creating xdr/Makefile
config.status:1255: executing depfiles commands
configure:14528: === configuring in machine (/home/yibin/Documents/zk-llvm-backend/zknewlib/zk/newlib/libc/machine)
configure:14591: running /bin/bash ../../../../../newlib-3.3.0/newlib/libc/machine/configure --disable-option-checking '--prefix=/usr/local'  '--with-cross-host=x86_64-pc-linux-gnu' '--with-newlib' '--disable-multilib' '--disable-newlib-io-float' '--disable-newlib-io-long-long' '--program-transform-name=s&^&zk-&' '--with-target-subdir=zk' '--build=x86_64-pc-linux-gnu' '--host=zk' '--target=zk' 'build_alias=x86_64-pc-linux-gnu' 'host_alias=zk' 'target_alias=zk' 'CC=clang-11 -m32 -D_FORTIFY_SOURCE=0 -D__GLIBC_USE\(...\)=0 -B/home/yibin/Documents/zk-llvm-backend/zknewlib/zk/newlib/ -isystem /home/yibin/Documents/zk-llvm-backend/zknewlib/zk/newlib/targ-include -isystem /home/yibin/Documents/zk-llvm-backend/newlib-3.3.0/newlib/libc/include -B/home/yibin/Documents/zk-llvm-backend/zknewlib/zk/libgloss/zk -L/home/yibin/Documents/zk-llvm-backend/zknewlib/zk/libgloss/libnosys -L/home/yibin/Documents/zk-llvm-backend/newlib-3.3.0/libgloss/zk   ' 'CFLAGS=-flto' 'LDFLAGS=' 'CPPFLAGS=' --cache-file=../.././config.cache --srcdir=../../../../../newlib-3.3.0/newlib/libc/machine
configure:14528: === configuring in sys (/home/yibin/Documents/zk-llvm-backend/zknewlib/zk/newlib/libc/sys)
configure:14591: running /bin/bash ../../../../../newlib-3.3.0/newlib/libc/sys/configure --disable-option-checking '--prefix=/usr/local'  '--with-cross-host=x86_64-pc-linux-gnu' '--with-newlib' '--disable-multilib' '--disable-newlib-io-float' '--disable-newlib-io-long-long' '--program-transform-name=s&^&zk-&' '--with-target-subdir=zk' '--build=x86_64-pc-linux-gnu' '--host=zk' '--target=zk' 'build_alias=x86_64-pc-linux-gnu' 'host_alias=zk' 'target_alias=zk' 'CC=clang-11 -m32 -D_FORTIFY_SOURCE=0 -D__GLIBC_USE\(...\)=0 -B/home/yibin/Documents/zk-llvm-backend/zknewlib/zk/newlib/ -isystem /home/yibin/Documents/zk-llvm-backend/zknewlib/zk/newlib/targ-include -isystem /home/yibin/Documents/zk-llvm-backend/newlib-3.3.0/newlib/libc/include -B/home/yibin/Documents/zk-llvm-backend/zknewlib/zk/libgloss/zk -L/home/yibin/Documents/zk-llvm-backend/zknewlib/zk/libgloss/libnosys -L/home/yibin/Documents/zk-llvm-backend/newlib-3.3.0/libgloss/zk   ' 'CFLAGS=-flto' 'LDFLAGS=' 'CPPFLAGS=' --cache-file=../.././config.cache --srcdir=../../../../../newlib-3.3.0/newlib/libc/sys

## ---------------- ##
## Cache variables. ##
## ---------------- ##

ac_cv_build=x86_64-pc-linux-gnu
ac_cv_c_compiler_gnu=yes
ac_cv_env_CCASFLAGS_set=
ac_cv_env_CCASFLAGS_value=
ac_cv_env_CCAS_set=
ac_cv_env_CCAS_value=
ac_cv_env_CC_set=set
ac_cv_env_CC_value='clang-11 -m32 -D_FORTIFY_SOURCE=0 -D__GLIBC_USE\(...\)=0 -B/home/yibin/Documents/zk-llvm-backend/zknewlib/zk/newlib/ -isystem /home/yibin/Documents/zk-llvm-backend/zknewlib/zk/newlib/targ-include -isystem /home/yibin/Documents/zk-llvm-backend/newlib-3.3.0/newlib/libc/include -B/home/yibin/Documents/zk-llvm-backend/zknewlib/zk/libgloss/zk -L/home/yibin/Documents/zk-llvm-backend/zknewlib/zk/libgloss/libnosys -L/home/yibin/Documents/zk-llvm-backend/newlib-3.3.0/libgloss/zk   '
ac_cv_env_CFLAGS_set=set
ac_cv_env_CFLAGS_value=-flto
ac_cv_env_CPPFLAGS_set=set
ac_cv_env_CPPFLAGS_value=
ac_cv_env_CPP_set=
ac_cv_env_CPP_value=
ac_cv_env_LDFLAGS_set=set
ac_cv_env_LDFLAGS_value=
ac_cv_env_LIBS_set=
ac_cv_env_LIBS_value=
ac_cv_env_build_alias_set=set
ac_cv_env_build_alias_value=x86_64-pc-linux-gnu
ac_cv_env_host_alias_set=set
ac_cv_env_host_alias_value=zk
ac_cv_env_target_alias_set=set
ac_cv_env_target_alias_value=zk
ac_cv_host=zk-unknown-none
ac_cv_path_SED=/usr/bin/sed
ac_cv_path_mkdir=/usr/bin/mkdir
ac_cv_prog_AR=llvm-ar-11
ac_cv_prog_AS=llvm-as-11
ac_cv_prog_AWK=mawk
ac_cv_prog_CC='clang-11 -m32 -D_FORTIFY_SOURCE=0 -D__GLIBC_USE\(...\)=0 -B/home/yibin/Documents/zk-llvm-backend/zknewlib/zk/newlib/ -isystem /home/yibin/Documents/zk-llvm-backend/zknewlib/zk/newlib/targ-include -isystem /home/yibin/Documents/zk-llvm-backend/newlib-3.3.0/newlib/libc/include -B/home/yibin/Documents/zk-llvm-backend/zknewlib/zk/libgloss/zk -L/home/yibin/Documents/zk-llvm-backend/zknewlib/zk/libgloss/libnosys -L/home/yibin/Documents/zk-llvm-backend/newlib-3.3.0/libgloss/zk   '
ac_cv_prog_RANLIB=llvm-ranlib-11
ac_cv_prog_READELF=zk-readelf
ac_cv_prog_STRIP=zk-strip
ac_cv_prog_cc_g=no
ac_cv_prog_make_make_set=yes
acnewlib_cv_type_long_double=yes
am_cv_CC_dependencies_compiler_type=gcc3
libc_cv_cc_loop_to_function=no
libc_cv_initfinit_array=no
newlib_cv_ldbl_eq_dbl=no

## ----------------- ##
## Output variables. ##
## ----------------- ##

ACLOCAL='${SHELL} /home/yibin/Documents/zk-llvm-backend/newlib-3.3.0/missing --run aclocal-1.11'
AMDEPBACKSLASH='\'
AMDEP_FALSE='#'
AMDEP_TRUE=''
AMTAR='$${TAR-tar}'
AR='llvm-ar-11'
AS='llvm-as-11'
AUTOCONF='${SHELL} /home/yibin/Documents/zk-llvm-backend/newlib-3.3.0/missing --run autoconf'
AUTOHEADER='${SHELL} /home/yibin/Documents/zk-llvm-backend/newlib-3.3.0/missing --run autoheader'
AUTOMAKE='${SHELL} /home/yibin/Documents/zk-llvm-backend/newlib-3.3.0/missing --run automake-1.11'
AWK='mawk'
CC='clang-11 -m32 -D_FORTIFY_SOURCE=0 -D__GLIBC_USE\(...\)=0 -B/home/yibin/Documents/zk-llvm-backend/zknewlib/zk/newlib/ -isystem /home/yibin/Documents/zk-llvm-backend/zknewlib/zk/newlib/targ-include -isystem /home/yibin/Documents/zk-llvm-backend/newlib-3.3.0/newlib/libc/include -B/home/yibin/Documents/zk-llvm-backend/zknewlib/zk/libgloss/zk -L/home/yibin/Documents/zk-llvm-backend/zknewlib/zk/libgloss/libnosys -L/home/yibin/Documents/zk-llvm-backend/newlib-3.3.0/libgloss/zk   '
CCAS='clang-11 -m32 -D_FORTIFY_SOURCE=0 -D__GLIBC_USE\(...\)=0 -B/home/yibin/Documents/zk-llvm-backend/zknewlib/zk/newlib/ -isystem /home/yibin/Documents/zk-llvm-backend/zknewlib/zk/newlib/targ-include -isystem /home/yibin/Documents/zk-llvm-backend/newlib-3.3.0/newlib/libc/include -B/home/yibin/Documents/zk-llvm-backend/zknewlib/zk/libgloss/zk -L/home/yibin/Documents/zk-llvm-backend/zknewlib/zk/libgloss/libnosys -L/home/yibin/Documents/zk-llvm-backend/newlib-3.3.0/libgloss/zk   '
CCASFLAGS='-flto'
CCDEPMODE='depmode=gcc3'
CFLAGS='-flto'
CPP=''
CPPFLAGS=''
CRT0=''
CYGPATH_W='echo'
DEFS='-DPACKAGE_NAME=\"newlib\" -DPACKAGE_TARNAME=\"newlib\" -DPACKAGE_VERSION=\"3.3.0\" -DPACKAGE_STRING=\"newlib\ 3.3.0\" -DPACKAGE_BUGREPORT=\"\" -DPACKAGE_URL=\"\"'
DEPDIR='.deps'
DLLTOOL='zk-dlltool'
DSYMUTIL=''
DUMPBIN=''
ECHO_C=''
ECHO_N='-n'
ECHO_T=''
EGREP=''
ELIX_LEVEL_0_FALSE='#'
ELIX_LEVEL_0_TRUE=''
ELIX_LEVEL_1_FALSE=''
ELIX_LEVEL_1_TRUE='#'
ELIX_LEVEL_2_FALSE=''
ELIX_LEVEL_2_TRUE='#'
ELIX_LEVEL_3_FALSE=''
ELIX_LEVEL_3_TRUE='#'
ELIX_LEVEL_4_FALSE=''
ELIX_LEVEL_4_TRUE='#'
ENABLE_NEWLIB_ICONV_FALSE=''
ENABLE_NEWLIB_ICONV_TRUE='#'
EXEEXT=''
FGREP=''
GREP=''
HAVE_LONG_DOUBLE_FALSE='#'
HAVE_LONG_DOUBLE_TRUE=''
HAVE_POSIX_DIR_FALSE=''
HAVE_POSIX_DIR_TRUE='#'
HAVE_SIGNAL_DIR_FALSE='#'
HAVE_SIGNAL_DIR_TRUE=''
HAVE_STDIO64_DIR_FALSE=''
HAVE_STDIO64_DIR_TRUE='#'
HAVE_STDIO_DIR_FALSE='#'
HAVE_STDIO_DIR_TRUE=''
HAVE_SYSCALL_DIR_FALSE='#'
HAVE_SYSCALL_DIR_TRUE=''
HAVE_UNIX_DIR_FALSE=''
HAVE_UNIX_DIR_TRUE='#'
HAVE_XDR_DIR_FALSE=''
HAVE_XDR_DIR_TRUE='#'
INSTALL_DATA='/usr/bin/install -c -m 644'
INSTALL_PROGRAM='/usr/bin/install -c'
INSTALL_SCRIPT='/usr/bin/install -c'
INSTALL_STRIP_PROGRAM='$(install_sh) -c -s'
LD='zk-ld'
LDFLAGS=''
LIBC_EXTRA_DEF=''
LIBC_EXTRA_LIB=''
LIBC_MACHINE_LIB='machine/lib.a'
LIBC_POSIX_DEF=''
LIBC_POSIX_LIB=''
LIBC_SIGNAL_DEF='signal/stmp-def'
LIBC_SIGNAL_LIB='signal/lib.a'
LIBC_STDIO64_DEF=''
LIBC_STDIO64_LIB=''
LIBC_STDIO_DEF='stdio/stmp-def'
LIBC_STDIO_LIB='stdio/lib.a'
LIBC_SYSCALL_LIB='syscalls/lib.a'
LIBC_SYS_LIB=''
LIBC_UNIX_LIB=''
LIBC_XDR_DEF=''
LIBC_XDR_LIB=''
LIBOBJS=''
LIBS=''
LIBTOOL=''
LIPO='zk-lipo'
LN_S=''
LTLIBOBJS=''
MAINT='#'
MAINTAINER_MODE_FALSE=''
MAINTAINER_MODE_TRUE='#'
MAKEINFO='/home/yibin/Documents/zk-llvm-backend/newlib-3.3.0/missing makeinfo --split-size=5000000'
MAY_SUPPLY_SYSCALLS_FALSE='#'
MAY_SUPPLY_SYSCALLS_TRUE=''
MKDIR_P='/usr/bin/mkdir -p'
NEWLIB_CFLAGS=' -fno-builtin -DNO_FLOATING_POINT'
NEWLIB_NANO_FORMATTED_IO_FALSE=''
NEWLIB_NANO_FORMATTED_IO_TRUE='#'
NEWLIB_NANO_MALLOC_FALSE=''
NEWLIB_NANO_MALLOC_TRUE='#'
NEWLIB_RETARGETABLE_LOCKING_FALSE=''
NEWLIB_RETARGETABLE_LOCKING_TRUE='#'
NM='zk-nm'
NMEDIT=''
NO_INCLUDE_LIST=' rpc/types.h rpc/xdr.h'
OBJDUMP='zk-objdump'
OBJEXT='o'
OTOOL64=''
OTOOL=''
PACKAGE='newlib'
PACKAGE_BUGREPORT=''
PACKAGE_NAME='newlib'
PACKAGE_STRING='newlib 3.3.0'
PACKAGE_TARNAME='newlib'
PACKAGE_URL=''
PACKAGE_VERSION='3.3.0'
PATH_SEPARATOR=':'
RANLIB='llvm-ranlib-11'
READELF='zk-readelf'
SED='/usr/bin/sed'
SET_MAKE=''
SHELL='/bin/bash'
STRIP='zk-strip'
USE_LIBTOOL_FALSE=''
USE_LIBTOOL_TRUE='#'
VERSION='3.3.0'
ac_ct_CC=''
ac_ct_DUMPBIN=''
aext='a'
am__EXEEXT_FALSE=''
am__EXEEXT_TRUE='#'
am__fastdepCC_FALSE='#'
am__fastdepCC_TRUE=''
am__include='include'
am__isrc=' -I$(srcdir)'
am__leading_dot='.'
am__nodep='_no'
am__quote=''
am__tar='$${TAR-tar} chof - "$$tardir"'
am__untar='$${TAR-tar} xf -'
bindir='${exec_prefix}/bin'
build='x86_64-pc-linux-gnu'
build_alias='x86_64-pc-linux-gnu'
build_cpu='x86_64'
build_os='linux-gnu'
build_vendor='pc'
datadir='${datarootdir}'
datarootdir='${prefix}/share'
docdir='${datarootdir}/doc/${PACKAGE_TARNAME}'
dvidir='${docdir}'
exec_prefix='${prefix}'
extra_dir=''
host='zk-unknown-none'
host_alias='zk'
host_cpu='zk'
host_os='none'
host_vendor='unknown'
htmldir='${docdir}'
includedir='${prefix}/include'
infodir='${datarootdir}/info'
install_sh='${SHELL} /home/yibin/Documents/zk-llvm-backend/newlib-3.3.0/install-sh'
libdir='${exec_prefix}/lib'
libexecdir='${exec_prefix}/libexec'
libm_machine_dir=''
localedir='${datarootdir}/locale'
localstatedir='${prefix}/var'
lpfx='lib_a-'
machine_dir='zk'
mandir='${datarootdir}/man'
mkdir_p='/usr/bin/mkdir -p'
newlib_basedir='../../../../newlib-3.3.0/newlib/libc/..'
oext='o'
oldincludedir='/usr/include'
pdfdir='${docdir}'
prefix='/usr/local'
program_transform_name='s&^&zk-&'
psdir='${docdir}'
sbindir='${exec_prefix}/sbin'
sharedstatedir='${prefix}/com'
subdirs=' machine sys'
sys_dir=''
sysconfdir='${prefix}/etc'
target_alias='zk'

## ----------- ##
## confdefs.h. ##
## ----------- ##

/* confdefs.h */
#define PACKAGE_NAME "newlib"
#define PACKAGE_TARNAME "newlib"
#define PACKAGE_VERSION "3.3.0"
#define PACKAGE_STRING "newlib 3.3.0"
#define PACKAGE_BUGREPORT ""
#define PACKAGE_URL ""

configure: exit 0
