This file contains any messages produced by compilers while
running configure, to aid debugging if configure makes a mistake.

It was created by libgloss configure LIBGLOSS_VERSION, which was
generated by GNU Autoconf 2.69.  Invocation command line was

  $ /tight-zkvm/toolchain/zk-llvm-backend/newlib-3.3.0/libgloss/configure --srcdir=/tight-zkvm/toolchain/zk-llvm-backend/newlib-3.3.0/libgloss --cache-file=./config.cache --with-newlib --with-cross-host=x86_64-pc-linux-gnu --with-newlib --disable-multilib --disable-newlib-io-float --disable-newlib-io-long-long --program-transform-name=s&^&zk-& --disable-option-checking --with-target-subdir=zk --build=x86_64-pc-linux-gnu --host=zk --target=zk

## --------- ##
## Platform. ##
## --------- ##

hostname = 203bdde95f18
uname -m = x86_64
uname -r = 6.8.0-87-generic
uname -s = Linux
uname -v = #88-Ubuntu SMP PREEMPT_DYNAMIC Sat Oct 11 09:28:41 UTC 2025

/usr/bin/uname -p = x86_64
/bin/uname -X     = unknown

/bin/arch              = x86_64
/usr/bin/arch -k       = unknown
/usr/convex/getsysinfo = unknown
/usr/bin/hostinfo      = unknown
/bin/machine           = unknown
/usr/bin/oslevel       = unknown
/bin/universe          = unknown

PATH: /usr/local/sbin
PATH: /usr/local/bin
PATH: /usr/sbin
PATH: /usr/bin
PATH: /sbin
PATH: /bin


## ----------- ##
## Core tests. ##
## ----------- ##

configure:1766: creating cache ./config.cache
configure:1898: checking for a BSD-compatible install
configure:1966: result: /usr/bin/install -c
configure:1982: checking build system type
configure:1996: result: x86_64-pc-linux-gnu
configure:2016: checking host system type
configure:2029: result: zk-unknown-none
configure:2049: checking target system type
configure:2062: result: zk-unknown-none
configure:2090: checking whether build environment is sane
configure:2127: result: yes
configure:2189: checking for gawk
configure:2216: result: gawk
configure:2227: checking whether make sets $(MAKE)
configure:2249: result: yes
configure:2314: checking for zk-strip
configure:2341: result: zk-strip
configure:2650: checking for style of include used by make
configure:2678: result: GNU
configure:2705: checking for gcc
configure:2732: result: clang-10 -m32 -D_FORTIFY_SOURCE=0 -D__GLIBC_USE\(...\)=0 -B/tight-zkvm/toolchain/zknewlib/zk/newlib/ -isystem /tight-zkvm/toolchain/zknewlib/zk/newlib/targ-include -isystem /tight-zkvm/toolchain/zk-llvm-backend/newlib-3.3.0/newlib/libc/include -B/tight-zkvm/toolchain/zknewlib/zk/libgloss/zk -L/tight-zkvm/toolchain/zknewlib/zk/libgloss/libnosys -L/tight-zkvm/toolchain/zk-llvm-backend/newlib-3.3.0/libgloss/zk   
configure:2743: checking dependency style of clang-10 -m32 -D_FORTIFY_SOURCE=0 -D__GLIBC_USE\(...\)=0 -B/tight-zkvm/toolchain/zknewlib/zk/newlib/ -isystem /tight-zkvm/toolchain/zknewlib/zk/newlib/targ-include -isystem /tight-zkvm/toolchain/zk-llvm-backend/newlib-3.3.0/newlib/libc/include -B/tight-zkvm/toolchain/zknewlib/zk/libgloss/zk -L/tight-zkvm/toolchain/zknewlib/zk/libgloss/libnosys -L/tight-zkvm/toolchain/zk-llvm-backend/newlib-3.3.0/libgloss/zk   
configure:2833: result: gcc3
configure:2908: checking whether we are using GNU C
configure:2919: clang-10 -m32 -D_FORTIFY_SOURCE=0 -D__GLIBC_USE\(...\)=0 -B/tight-zkvm/toolchain/zknewlib/zk/newlib/ -isystem /tight-zkvm/toolchain/zknewlib/zk/newlib/targ-include -isystem /tight-zkvm/toolchain/zk-llvm-backend/newlib-3.3.0/newlib/libc/include -B/tight-zkvm/toolchain/zknewlib/zk/libgloss/zk -L/tight-zkvm/toolchain/zknewlib/zk/libgloss/libnosys -L/tight-zkvm/toolchain/zk-llvm-backend/newlib-3.3.0/libgloss/zk    -E conftest.c
clang: warning: argument unused during compilation: '-L/tight-zkvm/toolchain/zknewlib/zk/libgloss/libnosys' [-Wunused-command-line-argument]
clang: warning: argument unused during compilation: '-L/tight-zkvm/toolchain/zk-llvm-backend/newlib-3.3.0/libgloss/zk' [-Wunused-command-line-argument]
In file included from <built-in>:336:
<command line>:2:20: warning: ISO C99 requires whitespace after the macro name [-Wc99-extensions]
#define __GLIBC_USE\(...\) 0
                   ^
1 warning generated.
configure:2922: $? = 0
configure:2929: result: yes
configure:2939: checking whether clang-10 -m32 -D_FORTIFY_SOURCE=0 -D__GLIBC_USE\(...\)=0 -B/tight-zkvm/toolchain/zknewlib/zk/newlib/ -isystem /tight-zkvm/toolchain/zknewlib/zk/newlib/targ-include -isystem /tight-zkvm/toolchain/zk-llvm-backend/newlib-3.3.0/newlib/libc/include -B/tight-zkvm/toolchain/zknewlib/zk/libgloss/zk -L/tight-zkvm/toolchain/zknewlib/zk/libgloss/libnosys -L/tight-zkvm/toolchain/zk-llvm-backend/newlib-3.3.0/libgloss/zk    accepts -g
configure:2959: clang-10 -m32 -D_FORTIFY_SOURCE=0 -D__GLIBC_USE\(...\)=0 -B/tight-zkvm/toolchain/zknewlib/zk/newlib/ -isystem /tight-zkvm/toolchain/zknewlib/zk/newlib/targ-include -isystem /tight-zkvm/toolchain/zk-llvm-backend/newlib-3.3.0/newlib/libc/include -B/tight-zkvm/toolchain/zknewlib/zk/libgloss/zk -L/tight-zkvm/toolchain/zknewlib/zk/libgloss/libnosys -L/tight-zkvm/toolchain/zk-llvm-backend/newlib-3.3.0/libgloss/zk    -c -g  conftest.c >&5
clang: warning: argument unused during compilation: '-L/tight-zkvm/toolchain/zknewlib/zk/libgloss/libnosys' [-Wunused-command-line-argument]
clang: warning: argument unused during compilation: '-L/tight-zkvm/toolchain/zk-llvm-backend/newlib-3.3.0/libgloss/zk' [-Wunused-command-line-argument]
In file included from <built-in>:336:
<command line>:2:20: warning: ISO C99 requires whitespace after the macro name [-Wc99-extensions]
#define __GLIBC_USE\(...\) 0
                   ^
1 warning generated.
configure:2959: $? = 0
configure: failed program was:
| /* confdefs.h */
| #define PACKAGE_NAME "libgloss"
| #define PACKAGE_TARNAME "libgloss"
| #define PACKAGE_VERSION "LIBGLOSS_VERSION"
| #define PACKAGE_STRING "libgloss LIBGLOSS_VERSION"
| #define PACKAGE_BUGREPORT ""
| #define PACKAGE_URL ""
| /* end confdefs.h.  */
| 
| int
| main ()
| {
| 
|   ;
|   return 0;
| }
configure:2974: clang-10 -m32 -D_FORTIFY_SOURCE=0 -D__GLIBC_USE\(...\)=0 -B/tight-zkvm/toolchain/zknewlib/zk/newlib/ -isystem /tight-zkvm/toolchain/zknewlib/zk/newlib/targ-include -isystem /tight-zkvm/toolchain/zk-llvm-backend/newlib-3.3.0/newlib/libc/include -B/tight-zkvm/toolchain/zknewlib/zk/libgloss/zk -L/tight-zkvm/toolchain/zknewlib/zk/libgloss/libnosys -L/tight-zkvm/toolchain/zk-llvm-backend/newlib-3.3.0/libgloss/zk    -c   conftest.c >&5
clang: warning: argument unused during compilation: '-L/tight-zkvm/toolchain/zknewlib/zk/libgloss/libnosys' [-Wunused-command-line-argument]
clang: warning: argument unused during compilation: '-L/tight-zkvm/toolchain/zk-llvm-backend/newlib-3.3.0/libgloss/zk' [-Wunused-command-line-argument]
In file included from <built-in>:336:
<command line>:2:20: warning: ISO C99 requires whitespace after the macro name [-Wc99-extensions]
#define __GLIBC_USE\(...\) 0
                   ^
1 warning generated.
configure:2974: $? = 0
configure: failed program was:
| /* confdefs.h */
| #define PACKAGE_NAME "libgloss"
| #define PACKAGE_TARNAME "libgloss"
| #define PACKAGE_VERSION "LIBGLOSS_VERSION"
| #define PACKAGE_STRING "libgloss LIBGLOSS_VERSION"
| #define PACKAGE_BUGREPORT ""
| #define PACKAGE_URL ""
| /* end confdefs.h.  */
| 
| int
| main ()
| {
| 
|   ;
|   return 0;
| }
configure:2990: clang-10 -m32 -D_FORTIFY_SOURCE=0 -D__GLIBC_USE\(...\)=0 -B/tight-zkvm/toolchain/zknewlib/zk/newlib/ -isystem /tight-zkvm/toolchain/zknewlib/zk/newlib/targ-include -isystem /tight-zkvm/toolchain/zk-llvm-backend/newlib-3.3.0/newlib/libc/include -B/tight-zkvm/toolchain/zknewlib/zk/libgloss/zk -L/tight-zkvm/toolchain/zknewlib/zk/libgloss/libnosys -L/tight-zkvm/toolchain/zk-llvm-backend/newlib-3.3.0/libgloss/zk    -c -g  conftest.c >&5
clang: warning: argument unused during compilation: '-L/tight-zkvm/toolchain/zknewlib/zk/libgloss/libnosys' [-Wunused-command-line-argument]
clang: warning: argument unused during compilation: '-L/tight-zkvm/toolchain/zk-llvm-backend/newlib-3.3.0/libgloss/zk' [-Wunused-command-line-argument]
In file included from <built-in>:336:
<command line>:2:20: warning: ISO C99 requires whitespace after the macro name [-Wc99-extensions]
#define __GLIBC_USE\(...\) 0
                   ^
1 warning generated.
configure:2990: $? = 0
configure: failed program was:
| /* confdefs.h */
| #define PACKAGE_NAME "libgloss"
| #define PACKAGE_TARNAME "libgloss"
| #define PACKAGE_VERSION "LIBGLOSS_VERSION"
| #define PACKAGE_STRING "libgloss LIBGLOSS_VERSION"
| #define PACKAGE_BUGREPORT ""
| #define PACKAGE_URL ""
| /* end confdefs.h.  */
| 
| int
| main ()
| {
| 
|   ;
|   return 0;
| }
configure:3000: result: no
configure:3033: checking for ar
configure:3061: result: llvm-ar-10
configure:3076: checking for zk-ranlib
configure:3103: result: llvm-ranlib-10
configure:3245: updating cache ./config.cache
configure:3338: creating ./config.status

## ---------------------- ##
## Running config.status. ##
## ---------------------- ##

This file was extended by libgloss config.status LIBGLOSS_VERSION, which was
generated by GNU Autoconf 2.69.  Invocation command line was

  CONFIG_FILES    = 
  CONFIG_HEADERS  = 
  CONFIG_LINKS    = 
  CONFIG_COMMANDS = 
  $ ./config.status 

on 203bdde95f18

config.status:813: creating Makefile
config.status:969: executing depfiles commands
configure:4569: === configuring in doc (/tight-zkvm/toolchain/zknewlib/zk/libgloss/doc)
configure:4632: running /bin/bash /tight-zkvm/toolchain/zk-llvm-backend/newlib-3.3.0/libgloss/doc/configure --disable-option-checking '--prefix=/usr/local'  '--with-cross-host=x86_64-pc-linux-gnu' '--with-newlib' '--disable-multilib' '--disable-newlib-io-float' '--disable-newlib-io-long-long' '--program-transform-name=s&^&zk-&' '--with-target-subdir=zk' '--build=x86_64-pc-linux-gnu' '--host=zk' '--target=zk' 'build_alias=x86_64-pc-linux-gnu' 'host_alias=zk' 'target_alias=zk' --cache-file=.././config.cache --srcdir=/tight-zkvm/toolchain/zk-llvm-backend/newlib-3.3.0/libgloss/doc
configure:4569: === configuring in zk (/tight-zkvm/toolchain/zknewlib/zk/libgloss/zk)
configure:4632: running /bin/bash /tight-zkvm/toolchain/zk-llvm-backend/newlib-3.3.0/libgloss/zk/configure --disable-option-checking '--prefix=/usr/local'  '--with-cross-host=x86_64-pc-linux-gnu' '--with-newlib' '--disable-multilib' '--disable-newlib-io-float' '--disable-newlib-io-long-long' '--program-transform-name=s&^&zk-&' '--with-target-subdir=zk' '--build=x86_64-pc-linux-gnu' '--host=zk' '--target=zk' 'build_alias=x86_64-pc-linux-gnu' 'host_alias=zk' 'target_alias=zk' --cache-file=.././config.cache --srcdir=/tight-zkvm/toolchain/zk-llvm-backend/newlib-3.3.0/libgloss/zk
configure:4569: === configuring in libnosys (/tight-zkvm/toolchain/zknewlib/zk/libgloss/libnosys)
configure:4632: running /bin/bash /tight-zkvm/toolchain/zk-llvm-backend/newlib-3.3.0/libgloss/libnosys/configure --disable-option-checking '--prefix=/usr/local'  '--with-cross-host=x86_64-pc-linux-gnu' '--with-newlib' '--disable-multilib' '--disable-newlib-io-float' '--disable-newlib-io-long-long' '--program-transform-name=s&^&zk-&' '--with-target-subdir=zk' '--build=x86_64-pc-linux-gnu' '--host=zk' '--target=zk' 'build_alias=x86_64-pc-linux-gnu' 'host_alias=zk' 'target_alias=zk' --cache-file=.././config.cache --srcdir=/tight-zkvm/toolchain/zk-llvm-backend/newlib-3.3.0/libgloss/libnosys

## ---------------- ##
## Cache variables. ##
## ---------------- ##

ac_cv_build=x86_64-pc-linux-gnu
ac_cv_c_compiler_gnu=yes
ac_cv_env_CCASFLAGS_set=
ac_cv_env_CCASFLAGS_value=
ac_cv_env_CCAS_set=
ac_cv_env_CCAS_value=
ac_cv_env_build_alias_set=set
ac_cv_env_build_alias_value=x86_64-pc-linux-gnu
ac_cv_env_host_alias_set=set
ac_cv_env_host_alias_value=zk
ac_cv_env_target_alias_set=set
ac_cv_env_target_alias_value=zk
ac_cv_host=zk-unknown-none
ac_cv_prog_AR=llvm-ar-10
ac_cv_prog_AWK=gawk
ac_cv_prog_CC='clang-10 -m32 -D_FORTIFY_SOURCE=0 -D__GLIBC_USE\(...\)=0 -B/tight-zkvm/toolchain/zknewlib/zk/newlib/ -isystem /tight-zkvm/toolchain/zknewlib/zk/newlib/targ-include -isystem /tight-zkvm/toolchain/zk-llvm-backend/newlib-3.3.0/newlib/libc/include -B/tight-zkvm/toolchain/zknewlib/zk/libgloss/zk -L/tight-zkvm/toolchain/zknewlib/zk/libgloss/libnosys -L/tight-zkvm/toolchain/zk-llvm-backend/newlib-3.3.0/libgloss/zk   '
ac_cv_prog_RANLIB=llvm-ranlib-10
ac_cv_prog_STRIP=zk-strip
ac_cv_prog_cc_g=no
ac_cv_prog_make_make_set=yes
ac_cv_target=zk-unknown-none
am_cv_CC_dependencies_compiler_type=gcc3

## ----------------- ##
## Output variables. ##
## ----------------- ##

ACLOCAL='${SHELL} /tight-zkvm/toolchain/zk-llvm-backend/newlib-3.3.0/missing --run aclocal-1.9'
AMDEPBACKSLASH='\'
AMDEP_FALSE='#'
AMDEP_TRUE=''
AMTAR='${SHELL} /tight-zkvm/toolchain/zk-llvm-backend/newlib-3.3.0/missing --run tar'
AR='llvm-ar-10'
AS='llvm-as-10'
AUTOCONF='${SHELL} /tight-zkvm/toolchain/zk-llvm-backend/newlib-3.3.0/missing --run autoconf'
AUTOHEADER='${SHELL} /tight-zkvm/toolchain/zk-llvm-backend/newlib-3.3.0/missing --run autoheader'
AUTOMAKE='${SHELL} /tight-zkvm/toolchain/zk-llvm-backend/newlib-3.3.0/missing --run automake-1.9'
AWK='gawk'
CC='clang-10 -m32 -D_FORTIFY_SOURCE=0 -D__GLIBC_USE\(...\)=0 -B/tight-zkvm/toolchain/zknewlib/zk/newlib/ -isystem /tight-zkvm/toolchain/zknewlib/zk/newlib/targ-include -isystem /tight-zkvm/toolchain/zk-llvm-backend/newlib-3.3.0/newlib/libc/include -B/tight-zkvm/toolchain/zknewlib/zk/libgloss/zk -L/tight-zkvm/toolchain/zknewlib/zk/libgloss/libnosys -L/tight-zkvm/toolchain/zk-llvm-backend/newlib-3.3.0/libgloss/zk   '
CCAS='clang-10 -m32 -D_FORTIFY_SOURCE=0 -D__GLIBC_USE\(...\)=0 -B/tight-zkvm/toolchain/zknewlib/zk/newlib/ -isystem /tight-zkvm/toolchain/zknewlib/zk/newlib/targ-include -isystem /tight-zkvm/toolchain/zk-llvm-backend/newlib-3.3.0/newlib/libc/include -B/tight-zkvm/toolchain/zknewlib/zk/libgloss/zk -L/tight-zkvm/toolchain/zknewlib/zk/libgloss/libnosys -L/tight-zkvm/toolchain/zk-llvm-backend/newlib-3.3.0/libgloss/zk   '
CCASFLAGS=''
CCDEPMODE='depmode=gcc3'
CYGPATH_W='echo'
DEFS='-DPACKAGE_NAME=\"libgloss\" -DPACKAGE_TARNAME=\"libgloss\" -DPACKAGE_VERSION=\"LIBGLOSS_VERSION\" -DPACKAGE_STRING=\"libgloss\ LIBGLOSS_VERSION\" -DPACKAGE_BUGREPORT=\"\" -DPACKAGE_URL=\"\"'
DEPDIR='.deps'
ECHO_C=''
ECHO_N='-n'
ECHO_T=''
INSTALL_DATA='/usr/bin/install -c -m 644'
INSTALL_PROGRAM='/usr/bin/install -c'
INSTALL_SCRIPT='/usr/bin/install -c'
INSTALL_STRIP_PROGRAM='${SHELL} $(install_sh) -c -s'
LD='zk-ld'
LIBOBJS=''
LIBS=''
LTLIBOBJS=''
MAKEINFO='/tight-zkvm/toolchain/zk-llvm-backend/newlib-3.3.0/missing makeinfo --split-size=5000000'
PACKAGE='libgloss'
PACKAGE_BUGREPORT=''
PACKAGE_NAME='libgloss'
PACKAGE_STRING='libgloss LIBGLOSS_VERSION'
PACKAGE_TARNAME='libgloss'
PACKAGE_URL=''
PACKAGE_VERSION='LIBGLOSS_VERSION'
PATH_SEPARATOR=':'
RANLIB='llvm-ranlib-10'
SET_MAKE=''
SHELL='/bin/bash'
STRIP='zk-strip'
VERSION='LIBGLOSS_VERSION'
am__fastdepCC_FALSE='#'
am__fastdepCC_TRUE=''
am__include='include'
am__leading_dot='.'
am__quote=''
am__tar='${AMTAR} chof - "$$tardir"'
am__untar='${AMTAR} xf -'
bindir='${exec_prefix}/bin'
build='x86_64-pc-linux-gnu'
build_alias='x86_64-pc-linux-gnu'
build_cpu='x86_64'
build_os='linux-gnu'
build_vendor='pc'
datadir='${datarootdir}'
datarootdir='${prefix}/share'
docdir='${datarootdir}/doc/${PACKAGE_TARNAME}'
dvidir='${docdir}'
exec_prefix='${prefix}'
host='zk-unknown-none'
host_alias='zk'
host_cpu='zk'
host_makefile_frag_path='/tight-zkvm/toolchain/zk-llvm-backend/newlib-3.3.0/libgloss/config/default.mh'
host_os='none'
host_vendor='unknown'
htmldir='${docdir}'
includedir='${prefix}/include'
infodir='${datarootdir}/info'
install_sh='/tight-zkvm/toolchain/zk-llvm-backend/newlib-3.3.0/install-sh'
libdir='${exec_prefix}/lib'
libexecdir='${exec_prefix}/libexec'
localedir='${datarootdir}/locale'
localstatedir='${prefix}/var'
mandir='${datarootdir}/man'
mkdir_p='mkdir -p --'
oldincludedir='/usr/include'
pdfdir='${docdir}'
prefix='/usr/local'
program_transform_name='s&^&zk-&'
psdir='${docdir}'
runstatedir='${localstatedir}/run'
sbindir='${exec_prefix}/sbin'
sharedstatedir='${prefix}/com'
subdirs=' doc zk libnosys'
sysconfdir='${prefix}/etc'
target='zk-unknown-none'
target_alias='zk'
target_cpu='zk'
target_os='none'
target_vendor='unknown'

## ------------------- ##
## File substitutions. ##
## ------------------- ##

host_makefile_frag='/tight-zkvm/toolchain/zk-llvm-backend/newlib-3.3.0/libgloss/config/default.mh'

## ----------- ##
## confdefs.h. ##
## ----------- ##

/* confdefs.h */
#define PACKAGE_NAME "libgloss"
#define PACKAGE_TARNAME "libgloss"
#define PACKAGE_VERSION "LIBGLOSS_VERSION"
#define PACKAGE_STRING "libgloss LIBGLOSS_VERSION"
#define PACKAGE_BUGREPORT ""
#define PACKAGE_URL ""

configure: exit 0
