This file contains any messages produced by compilers while
running configure, to aid debugging if configure makes a mistake.

It was created by configure, which was
generated by GNU Autoconf 2.68.  Invocation command line was

  $ /tight-zkvm/toolchain/zk-llvm-backend/newlib-3.3.0/libgloss/libnosys/configure --disable-option-checking --prefix=/usr/local --with-cross-host=x86_64-pc-linux-gnu --with-newlib --disable-multilib --disable-newlib-io-float --disable-newlib-io-long-long --program-transform-name=s&^&zk-& --with-target-subdir=zk --build=x86_64-pc-linux-gnu --host=zk --target=zk build_alias=x86_64-pc-linux-gnu host_alias=zk target_alias=zk --cache-file=.././config.cache --srcdir=/tight-zkvm/toolchain/zk-llvm-backend/newlib-3.3.0/libgloss/libnosys

## --------- ##
## Platform. ##
## --------- ##

hostname = 203bdde95f18
uname -m = x86_64
uname -r = 6.8.0-87-generic
uname -s = Linux
uname -v = #88-Ubuntu SMP PREEMPT_DYNAMIC Sat Oct 11 09:28:41 UTC 2025

/usr/bin/uname -p = x86_64
/bin/uname -X     = unknown

/bin/arch              = x86_64
/usr/bin/arch -k       = unknown
/usr/convex/getsysinfo = unknown
/usr/bin/hostinfo      = unknown
/bin/machine           = unknown
/usr/bin/oslevel       = unknown
/bin/universe          = unknown

PATH: /usr/local/sbin
PATH: /usr/local/bin
PATH: /usr/sbin
PATH: /usr/bin
PATH: /sbin
PATH: /bin


## ----------- ##
## Core tests. ##
## ----------- ##

configure:1658: loading cache .././config.cache
configure:1789: checking build system type
configure:1803: result: x86_64-pc-linux-gnu
configure:1823: checking host system type
configure:1836: result: zk-unknown-none
configure:1856: checking target system type
configure:1869: result: zk-unknown-none
configure:1921: checking for a BSD-compatible install
configure:1989: result: /usr/bin/install -c
configure:2146: checking for symbol prefix
configure:2156: clang-10 -m32 -D_FORTIFY_SOURCE=0 -D__GLIBC_USE\(...\)=0 -B/tight-zkvm/toolchain/zknewlib/zk/newlib/ -isystem /tight-zkvm/toolchain/zknewlib/zk/newlib/targ-include -isystem /tight-zkvm/toolchain/zk-llvm-backend/newlib-3.3.0/newlib/libc/include -B/tight-zkvm/toolchain/zknewlib/zk/libgloss/zk -L/tight-zkvm/toolchain/zknewlib/zk/libgloss/libnosys -L/tight-zkvm/toolchain/zk-llvm-backend/newlib-3.3.0/libgloss/zk    -S conftest.c -o - | fgrep $foo > /dev/null
clang: warning: argument unused during compilation: '-L/tight-zkvm/toolchain/zknewlib/zk/libgloss/libnosys' [-Wunused-command-line-argument]
clang: warning: argument unused during compilation: '-L/tight-zkvm/toolchain/zk-llvm-backend/newlib-3.3.0/libgloss/zk' [-Wunused-command-line-argument]
In file included from <built-in>:336:
<command line>:2:20: warning: ISO C99 requires whitespace after the macro name [-Wc99-extensions]
#define __GLIBC_USE\(...\) 0
                   ^
conftest.c:1:1: warning: type specifier missing, defaults to 'int' [-Wimplicit-int]
foo () { }
^
conftest.c:1:10: warning: non-void function does not return a value [-Wreturn-type]
foo () { }
         ^
3 warnings generated.
configure:2159: $? = 1
configure:2165: clang-10 -m32 -D_FORTIFY_SOURCE=0 -D__GLIBC_USE\(...\)=0 -B/tight-zkvm/toolchain/zknewlib/zk/newlib/ -isystem /tight-zkvm/toolchain/zknewlib/zk/newlib/targ-include -isystem /tight-zkvm/toolchain/zk-llvm-backend/newlib-3.3.0/newlib/libc/include -B/tight-zkvm/toolchain/zknewlib/zk/libgloss/zk -L/tight-zkvm/toolchain/zknewlib/zk/libgloss/libnosys -L/tight-zkvm/toolchain/zk-llvm-backend/newlib-3.3.0/libgloss/zk    -S conftest.c -o - | fgrep _foo > /dev/null
clang: warning: argument unused during compilation: '-L/tight-zkvm/toolchain/zknewlib/zk/libgloss/libnosys' [-Wunused-command-line-argument]
clang: warning: argument unused during compilation: '-L/tight-zkvm/toolchain/zk-llvm-backend/newlib-3.3.0/libgloss/zk' [-Wunused-command-line-argument]
In file included from <built-in>:336:
<command line>:2:20: warning: ISO C99 requires whitespace after the macro name [-Wc99-extensions]
#define __GLIBC_USE\(...\) 0
                   ^
conftest.c:1:1: warning: type specifier missing, defaults to 'int' [-Wimplicit-int]
foo () { }
^
conftest.c:1:10: warning: non-void function does not return a value [-Wreturn-type]
foo () { }
         ^
3 warnings generated.
configure:2168: $? = 1
configure:2176: result: none
configure:2209: checking for style of include used by make
configure:2237: result: GNU
configure:2264: checking for gcc
configure:2291: result: clang-10 -m32 -D_FORTIFY_SOURCE=0 -D__GLIBC_USE\(...\)=0 -B/tight-zkvm/toolchain/zknewlib/zk/newlib/ -isystem /tight-zkvm/toolchain/zknewlib/zk/newlib/targ-include -isystem /tight-zkvm/toolchain/zk-llvm-backend/newlib-3.3.0/newlib/libc/include -B/tight-zkvm/toolchain/zknewlib/zk/libgloss/zk -L/tight-zkvm/toolchain/zknewlib/zk/libgloss/libnosys -L/tight-zkvm/toolchain/zk-llvm-backend/newlib-3.3.0/libgloss/zk   
configure:2302: checking dependency style of clang-10 -m32 -D_FORTIFY_SOURCE=0 -D__GLIBC_USE\(...\)=0 -B/tight-zkvm/toolchain/zknewlib/zk/newlib/ -isystem /tight-zkvm/toolchain/zknewlib/zk/newlib/targ-include -isystem /tight-zkvm/toolchain/zk-llvm-backend/newlib-3.3.0/newlib/libc/include -B/tight-zkvm/toolchain/zknewlib/zk/libgloss/zk -L/tight-zkvm/toolchain/zknewlib/zk/libgloss/libnosys -L/tight-zkvm/toolchain/zk-llvm-backend/newlib-3.3.0/libgloss/zk   
configure:2392: result: gcc3
configure:2467: checking whether we are using GNU C
configure:2488: result: yes
configure:2498: checking whether clang-10 -m32 -D_FORTIFY_SOURCE=0 -D__GLIBC_USE\(...\)=0 -B/tight-zkvm/toolchain/zknewlib/zk/newlib/ -isystem /tight-zkvm/toolchain/zknewlib/zk/newlib/targ-include -isystem /tight-zkvm/toolchain/zk-llvm-backend/newlib-3.3.0/newlib/libc/include -B/tight-zkvm/toolchain/zknewlib/zk/libgloss/zk -L/tight-zkvm/toolchain/zknewlib/zk/libgloss/libnosys -L/tight-zkvm/toolchain/zk-llvm-backend/newlib-3.3.0/libgloss/zk    accepts -g
configure:2559: result: no
configure:2597: checking for zk-ranlib
configure:2624: result: llvm-ranlib-10
configure:2759: updating cache .././config.cache
configure:2816: creating ./config.status

## ---------------------- ##
## Running config.status. ##
## ---------------------- ##

This file was extended by config.status, which was
generated by GNU Autoconf 2.68.  Invocation command line was

  CONFIG_FILES    = 
  CONFIG_HEADERS  = 
  CONFIG_LINKS    = 
  CONFIG_COMMANDS = 
  $ ./config.status 

on 203bdde95f18

config.status:870: creating Makefile
config.status:870: creating config.h
config.status:1049: executing depfiles commands

## ---------------- ##
## Cache variables. ##
## ---------------- ##

ac_cv_build=x86_64-pc-linux-gnu
ac_cv_c_compiler_gnu=yes
ac_cv_env_CCASFLAGS_set=
ac_cv_env_CCASFLAGS_value=
ac_cv_env_CCAS_set=
ac_cv_env_CCAS_value=
ac_cv_env_build_alias_set=set
ac_cv_env_build_alias_value=x86_64-pc-linux-gnu
ac_cv_env_host_alias_set=set
ac_cv_env_host_alias_value=zk
ac_cv_env_target_alias_set=set
ac_cv_env_target_alias_value=zk
ac_cv_host=zk-unknown-none
ac_cv_prog_AR=llvm-ar-10
ac_cv_prog_AWK=gawk
ac_cv_prog_CC='clang-10 -m32 -D_FORTIFY_SOURCE=0 -D__GLIBC_USE\(...\)=0 -B/tight-zkvm/toolchain/zknewlib/zk/newlib/ -isystem /tight-zkvm/toolchain/zknewlib/zk/newlib/targ-include -isystem /tight-zkvm/toolchain/zk-llvm-backend/newlib-3.3.0/newlib/libc/include -B/tight-zkvm/toolchain/zknewlib/zk/libgloss/zk -L/tight-zkvm/toolchain/zknewlib/zk/libgloss/libnosys -L/tight-zkvm/toolchain/zk-llvm-backend/newlib-3.3.0/libgloss/zk   '
ac_cv_prog_RANLIB=llvm-ranlib-10
ac_cv_prog_STRIP=zk-strip
ac_cv_prog_cc_g=no
ac_cv_prog_make_make_set=yes
ac_cv_target=zk-unknown-none
am_cv_CC_dependencies_compiler_type=gcc3
libc_cv_symbol_prefix=none

## ----------------- ##
## Output variables. ##
## ----------------- ##

AMDEPBACKSLASH='\'
AMDEP_FALSE='#'
AMDEP_TRUE=''
AR='llvm-ar-10'
AS='llvm-as-10'
CC='clang-10 -m32 -D_FORTIFY_SOURCE=0 -D__GLIBC_USE\(...\)=0 -B/tight-zkvm/toolchain/zknewlib/zk/newlib/ -isystem /tight-zkvm/toolchain/zknewlib/zk/newlib/targ-include -isystem /tight-zkvm/toolchain/zk-llvm-backend/newlib-3.3.0/newlib/libc/include -B/tight-zkvm/toolchain/zknewlib/zk/libgloss/zk -L/tight-zkvm/toolchain/zknewlib/zk/libgloss/libnosys -L/tight-zkvm/toolchain/zk-llvm-backend/newlib-3.3.0/libgloss/zk   '
CCAS='clang-10 -m32 -D_FORTIFY_SOURCE=0 -D__GLIBC_USE\(...\)=0 -B/tight-zkvm/toolchain/zknewlib/zk/newlib/ -isystem /tight-zkvm/toolchain/zknewlib/zk/newlib/targ-include -isystem /tight-zkvm/toolchain/zk-llvm-backend/newlib-3.3.0/newlib/libc/include -B/tight-zkvm/toolchain/zknewlib/zk/libgloss/zk -L/tight-zkvm/toolchain/zknewlib/zk/libgloss/libnosys -L/tight-zkvm/toolchain/zk-llvm-backend/newlib-3.3.0/libgloss/zk   '
CCASFLAGS=''
CCDEPMODE='depmode=gcc3'
DEFS='-DHAVE_CONFIG_H'
DEPDIR='.deps'
ECHO_C=''
ECHO_N='-n'
ECHO_T=''
INSTALL_DATA='/usr/bin/install -c -m 644'
INSTALL_PROGRAM='/usr/bin/install -c'
INSTALL_SCRIPT='/usr/bin/install -c'
LD='zk-ld'
LIBOBJS=''
LIBS=''
LTLIBOBJS=''
PACKAGE_BUGREPORT=''
PACKAGE_NAME=''
PACKAGE_STRING=''
PACKAGE_TARNAME=''
PACKAGE_URL=''
PACKAGE_VERSION=''
PATH_SEPARATOR=':'
RANLIB='llvm-ranlib-10'
SHELL='/bin/bash'
am__fastdepCC_FALSE='#'
am__fastdepCC_TRUE=''
am__include='include'
am__leading_dot='.'
am__quote=''
bindir='${exec_prefix}/bin'
build='x86_64-pc-linux-gnu'
build_alias='x86_64-pc-linux-gnu'
build_cpu='x86_64'
build_os='linux-gnu'
build_vendor='pc'
datadir='${datarootdir}'
datarootdir='${prefix}/share'
docdir='${datarootdir}/doc/${PACKAGE}'
dvidir='${docdir}'
exec_prefix='${prefix}'
host='zk-unknown-none'
host_alias='zk'
host_cpu='zk'
host_makefile_frag_path='/tight-zkvm/toolchain/zk-llvm-backend/newlib-3.3.0/libgloss/libnosys/../config/default.mh'
host_os='none'
host_vendor='unknown'
htmldir='${docdir}'
includedir='${prefix}/include'
infodir='${datarootdir}/info'
libdir='${exec_prefix}/lib'
libexecdir='${exec_prefix}/libexec'
localedir='${datarootdir}/locale'
localstatedir='${prefix}/var'
mandir='${datarootdir}/man'
oldincludedir='/usr/include'
pdfdir='${docdir}'
prefix='/usr/local'
program_transform_name='s&^&zk-&'
psdir='${docdir}'
sbindir='${exec_prefix}/sbin'
sharedstatedir='${prefix}/com'
sysconfdir='${prefix}/etc'
target='zk-unknown-none'
target_alias='zk'
target_cpu='zk'
target_os='none'
target_vendor='unknown'

## ------------------- ##
## File substitutions. ##
## ------------------- ##

host_makefile_frag='/tight-zkvm/toolchain/zk-llvm-backend/newlib-3.3.0/libgloss/libnosys/../config/default.mh'

## ----------- ##
## confdefs.h. ##
## ----------- ##

/* confdefs.h */
#define PACKAGE_NAME ""
#define PACKAGE_TARNAME ""
#define PACKAGE_VERSION ""
#define PACKAGE_STRING ""
#define PACKAGE_BUGREPORT ""
#define PACKAGE_URL ""
#define HAVE_GNU_LD 1
#define MISSING_SYSCALL_NAMES 1
#define __SYMBOL_PREFIX ""

configure: exit 0
