This file contains any messages produced by compilers while
running configure, to aid debugging if configure makes a mistake.

It was created by configure, which was
generated by GNU Autoconf 2.64.  Invocation command line was

  $ /tight-zkvm/toolchain/zk-llvm-backend/newlib-3.3.0/configure --target=zk --with-newlib --disable-multilib CC=clang-10 -m32 -D_FORTIFY_SOURCE=0 -D__GLIBC_USE\(...\)=0 CFLAGS=-flto AR=llvm-ar-10 AS=llvm-as-10 RANLIB=llvm-ranlib-10 --disable-newlib-io-float --disable-newlib-io-long-long CC_FOR_TARGET=clang-10 -m32 -D_FORTIFY_SOURCE=0 -D__GLIBC_USE\(...\)=0 CFLAGS_FOR_TARGET=-flto AR_FOR_TARGET=llvm-ar-10 AS_FOR_TARGET=llvm-as-10 RANLIB_FOR_TARGET=llvm-ranlib-10

## --------- ##
## Platform. ##
## --------- ##

hostname = 203bdde95f18
uname -m = x86_64
uname -r = 6.8.0-87-generic
uname -s = Linux
uname -v = #88-Ubuntu SMP PREEMPT_DYNAMIC Sat Oct 11 09:28:41 UTC 2025

/usr/bin/uname -p = x86_64
/bin/uname -X     = unknown

/bin/arch              = x86_64
/usr/bin/arch -k       = unknown
/usr/convex/getsysinfo = unknown
/usr/bin/hostinfo      = unknown
/bin/machine           = unknown
/usr/bin/oslevel       = unknown
/bin/universe          = unknown

PATH: /usr/local/sbin
PATH: /usr/local/bin
PATH: /usr/sbin
PATH: /usr/bin
PATH: /sbin
PATH: /bin


## ----------- ##
## Core tests. ##
## ----------- ##

configure:2293: checking build system type
configure:2307: result: x86_64-pc-linux-gnu
configure:2354: checking host system type
configure:2367: result: x86_64-pc-linux-gnu
configure:2387: checking target system type
configure:2400: result: zk-unknown-none
configure:2454: checking for a BSD-compatible install
configure:2522: result: /usr/bin/install -c
configure:2533: checking whether ln works
configure:2555: result: yes
configure:2559: checking whether ln -s works
configure:2563: result: yes
configure:2570: checking for a sed that does not truncate output
configure:2634: result: /usr/bin/sed
configure:2643: checking for gawk
configure:2659: found /usr/bin/gawk
configure:2670: result: gawk
configure:4113: checking for gcc
configure:4140: result: clang-10 -m32 -D_FORTIFY_SOURCE=0 -D__GLIBC_USE\(...\)=0
configure:4369: checking for C compiler version
configure:4378: clang-10 -m32 -D_FORTIFY_SOURCE=0 -D__GLIBC_USE\(...\)=0 --version >&5
clang version 10.0.0-4ubuntu1 
Target: i386-pc-linux-gnu
Thread model: posix
InstalledDir: /usr/bin
configure:4389: $? = 0
configure:4378: clang-10 -m32 -D_FORTIFY_SOURCE=0 -D__GLIBC_USE\(...\)=0 -v >&5
clang version 10.0.0-4ubuntu1 
Target: i386-pc-linux-gnu
Thread model: posix
InstalledDir: /usr/bin
Found candidate GCC installation: /usr/bin/../lib/gcc/x86_64-linux-gnu/9
Found candidate GCC installation: /usr/lib/gcc/x86_64-linux-gnu/9
Selected GCC installation: /usr/bin/../lib/gcc/x86_64-linux-gnu/9
Candidate multilib: .;@m64
Candidate multilib: 32;@m32
Candidate multilib: x32;@mx32
... rest of stderr output deleted ...
configure:4389: $? = 0
configure:4378: clang-10 -m32 -D_FORTIFY_SOURCE=0 -D__GLIBC_USE\(...\)=0 -V >&5
clang: error: argument to '-V' is missing (expected 1 value)
clang: error: no input files
configure:4389: $? = 1
configure:4378: clang-10 -m32 -D_FORTIFY_SOURCE=0 -D__GLIBC_USE\(...\)=0 -qversion >&5
clang: error: unknown argument '-qversion'; did you mean '--version'?
clang: error: no input files
configure:4389: $? = 1
configure:4409: checking for C compiler default output file name
configure:4431: clang-10 -m32 -D_FORTIFY_SOURCE=0 -D__GLIBC_USE\(...\)=0 -flto   conftest.c  >&5
In file included from <built-in>:336:
<command line>:2:20: warning: ISO C99 requires whitespace after the macro name [-Wc99-extensions]
#define __GLIBC_USE\(...\) 0
                   ^
1 warning generated.
configure:4435: $? = 0
configure:4472: result: a.out
configure:4488: checking whether the C compiler works
configure:4497: ./a.out
configure:4501: $? = 0
configure:4516: result: yes
configure:4523: checking whether we are cross compiling
configure:4525: result: no
configure:4528: checking for suffix of executables
configure:4535: clang-10 -m32 -D_FORTIFY_SOURCE=0 -D__GLIBC_USE\(...\)=0 -o conftest -flto   conftest.c  >&5
In file included from <built-in>:336:
<command line>:2:20: warning: ISO C99 requires whitespace after the macro name [-Wc99-extensions]
#define __GLIBC_USE\(...\) 0
                   ^
1 warning generated.
configure:4539: $? = 0
configure:4561: result: 
configure:4567: checking for suffix of object files
configure:4589: clang-10 -m32 -D_FORTIFY_SOURCE=0 -D__GLIBC_USE\(...\)=0 -c -flto  conftest.c >&5
In file included from <built-in>:336:
<command line>:2:20: warning: ISO C99 requires whitespace after the macro name [-Wc99-extensions]
#define __GLIBC_USE\(...\) 0
                   ^
1 warning generated.
configure:4593: $? = 0
configure:4614: result: o
configure:4618: checking whether we are using the GNU C compiler
configure:4637: clang-10 -m32 -D_FORTIFY_SOURCE=0 -D__GLIBC_USE\(...\)=0 -c -flto  conftest.c >&5
In file included from <built-in>:336:
<command line>:2:20: warning: ISO C99 requires whitespace after the macro name [-Wc99-extensions]
#define __GLIBC_USE\(...\) 0
                   ^
1 warning generated.
configure:4637: $? = 0
configure:4646: result: yes
configure:4655: checking whether clang-10 -m32 -D_FORTIFY_SOURCE=0 -D__GLIBC_USE\(...\)=0 accepts -g
configure:4675: clang-10 -m32 -D_FORTIFY_SOURCE=0 -D__GLIBC_USE\(...\)=0 -c -g  conftest.c >&5
In file included from <built-in>:336:
<command line>:2:20: warning: ISO C99 requires whitespace after the macro name [-Wc99-extensions]
#define __GLIBC_USE\(...\) 0
                   ^
1 warning generated.
configure:4675: $? = 0
configure: failed program was:
| /* confdefs.h */
| #define PACKAGE_NAME ""
| #define PACKAGE_TARNAME ""
| #define PACKAGE_VERSION ""
| #define PACKAGE_STRING ""
| #define PACKAGE_BUGREPORT ""
| #define PACKAGE_URL ""
| /* end confdefs.h.  */
| 
| int
| main ()
| {
| 
|   ;
|   return 0;
| }
configure:4690: clang-10 -m32 -D_FORTIFY_SOURCE=0 -D__GLIBC_USE\(...\)=0 -c   conftest.c >&5
In file included from <built-in>:336:
<command line>:2:20: warning: ISO C99 requires whitespace after the macro name [-Wc99-extensions]
#define __GLIBC_USE\(...\) 0
                   ^
1 warning generated.
configure:4690: $? = 0
configure: failed program was:
| /* confdefs.h */
| #define PACKAGE_NAME ""
| #define PACKAGE_TARNAME ""
| #define PACKAGE_VERSION ""
| #define PACKAGE_STRING ""
| #define PACKAGE_BUGREPORT ""
| #define PACKAGE_URL ""
| /* end confdefs.h.  */
| 
| int
| main ()
| {
| 
|   ;
|   return 0;
| }
configure:4706: clang-10 -m32 -D_FORTIFY_SOURCE=0 -D__GLIBC_USE\(...\)=0 -c -g  conftest.c >&5
In file included from <built-in>:336:
<command line>:2:20: warning: ISO C99 requires whitespace after the macro name [-Wc99-extensions]
#define __GLIBC_USE\(...\) 0
                   ^
1 warning generated.
configure:4706: $? = 0
configure:4716: result: yes
configure:4733: checking for clang-10 -m32 -D_FORTIFY_SOURCE=0 -D__GLIBC_USE\(...\)=0 option to accept ISO C89
configure:4797: clang-10 -m32 -D_FORTIFY_SOURCE=0 -D__GLIBC_USE\(...\)=0  -c -flto  conftest.c >&5
In file included from <built-in>:336:
<command line>:2:20: warning: ISO C99 requires whitespace after the macro name [-Wc99-extensions]
#define __GLIBC_USE\(...\) 0
                   ^
1 warning generated.
configure:4797: $? = 0
configure:4810: result: none needed
configure:4888: checking for g++
configure:4904: found /usr/bin/g++
configure:4915: result: g++
configure:4942: checking for C++ compiler version
configure:4951: g++ --version >&5
g++ (Ubuntu 9.4.0-1ubuntu1~20.04.2) 9.4.0
Copyright (C) 2019 Free Software Foundation, Inc.
This is free software; see the source for copying conditions.  There is NO
warranty; not even for MERCHANTABILITY or FITNESS FOR A PARTICULAR PURPOSE.

configure:4962: $? = 0
configure:4951: g++ -v >&5
Using built-in specs.
COLLECT_GCC=g++
COLLECT_LTO_WRAPPER=/usr/lib/gcc/x86_64-linux-gnu/9/lto-wrapper
OFFLOAD_TARGET_NAMES=nvptx-none:hsa
OFFLOAD_TARGET_DEFAULT=1
Target: x86_64-linux-gnu
Configured with: ../src/configure -v --with-pkgversion='Ubuntu 9.4.0-1ubuntu1~20.04.2' --with-bugurl=file:///usr/share/doc/gcc-9/README.Bugs --enable-languages=c,ada,c++,go,brig,d,fortran,objc,obj-c++,gm2 --prefix=/usr --with-gcc-major-version-only --program-suffix=-9 --program-prefix=x86_64-linux-gnu- --enable-shared --enable-linker-build-id --libexecdir=/usr/lib --without-included-gettext --enable-threads=posix --libdir=/usr/lib --enable-nls --enable-clocale=gnu --enable-libstdcxx-debug --enable-libstdcxx-time=yes --with-default-libstdcxx-abi=new --enable-gnu-unique-object --disable-vtable-verify --enable-plugin --enable-default-pie --with-system-zlib --with-target-system-zlib=auto --enable-objc-gc=auto --enable-multiarch --disable-werror --with-arch-32=i686 --with-abi=m64 --with-multilib-list=m32,m64,mx32 --enable-multilib --with-tune=generic --enable-offload-targets=nvptx-none=/build/gcc-9-9QDOt0/gcc-9-9.4.0/debian/tmp-nvptx/usr,hsa --without-cuda-driver --enable-checking=release --build=x86_64-linux-gnu --host=x86_64-linux-gnu --target=x86_64-linux-gnu
Thread model: posix
gcc version 9.4.0 (Ubuntu 9.4.0-1ubuntu1~20.04.2) 
configure:4962: $? = 0
configure:4951: g++ -V >&5
g++: error: unrecognized command line option '-V'
g++: fatal error: no input files
compilation terminated.
configure:4962: $? = 1
configure:4951: g++ -qversion >&5
g++: error: unrecognized command line option '-qversion'; did you mean '--version'?
g++: fatal error: no input files
compilation terminated.
configure:4962: $? = 1
configure:4966: checking whether we are using the GNU C++ compiler
configure:4985: g++ -c   conftest.cpp >&5
configure:4985: $? = 0
configure:4994: result: yes
configure:5003: checking whether g++ accepts -g
configure:5023: g++ -c -g  conftest.cpp >&5
configure:5023: $? = 0
configure:5064: result: yes
configure:5113: checking whether g++ accepts -static-libstdc++ -static-libgcc
configure:5130: g++ -o conftest -g -O2   -static-libstdc++ -static-libgcc conftest.cpp  >&5
configure:5130: $? = 0
configure:5131: result: yes
configure:5195: checking for gnatbind
configure:5225: result: no
configure:5287: checking for gnatmake
configure:5317: result: no
configure:5336: checking whether compiler driver understands Ada
configure:5359: result: no
configure:5368: checking how to compare bootstrapped objects
configure:5393: result: cmp --ignore-initial=16 $$f1 $$f2
configure:5453: checking for objdir
configure:5468: result: .libs
configure:6012: checking for isl 0.16, 0.15, or deprecated 0.14
configure:6025: clang-10 -m32 -D_FORTIFY_SOURCE=0 -D__GLIBC_USE\(...\)=0 -o conftest -flto      -lisl -lmpc -lmpfr -lgmp conftest.c  -lisl -lgmp >&5
In file included from <built-in>:336:
<command line>:2:20: warning: ISO C99 requires whitespace after the macro name [-Wc99-extensions]
#define __GLIBC_USE\(...\) 0
                   ^
conftest.c:10:10: fatal error: 'isl/ctx.h' file not found
#include <isl/ctx.h>
         ^~~~~~~~~~~
1 warning and 1 error generated.
configure:6025: $? = 1
configure: failed program was:
| /* confdefs.h */
| #define PACKAGE_NAME ""
| #define PACKAGE_TARNAME ""
| #define PACKAGE_VERSION ""
| #define PACKAGE_STRING ""
| #define PACKAGE_BUGREPORT ""
| #define PACKAGE_URL ""
| #define LT_OBJDIR ".libs/"
| /* end confdefs.h.  */
| #include <isl/ctx.h>
| int
| main ()
| {
| isl_ctx_get_max_operations (isl_ctx_alloc ());
|   ;
|   return 0;
| }
configure:6032: result: no
configure:6036: result: recommended isl version is 0.16 or 0.15, the minimum required isl version 0.14 is deprecated
configure:6040: checking for isl 0.16 or 0.15
configure:6053: clang-10 -m32 -D_FORTIFY_SOURCE=0 -D__GLIBC_USE\(...\)=0 -o conftest -flto      -lisl -lmpc -lmpfr -lgmp conftest.c  -lisl -lgmp >&5
In file included from <built-in>:336:
<command line>:2:20: warning: ISO C99 requires whitespace after the macro name [-Wc99-extensions]
#define __GLIBC_USE\(...\) 0
                   ^
conftest.c:10:10: fatal error: 'isl/schedule.h' file not found
#include <isl/schedule.h>
         ^~~~~~~~~~~~~~~~
1 warning and 1 error generated.
configure:6053: $? = 1
configure: failed program was:
| /* confdefs.h */
| #define PACKAGE_NAME ""
| #define PACKAGE_TARNAME ""
| #define PACKAGE_VERSION ""
| #define PACKAGE_STRING ""
| #define PACKAGE_BUGREPORT ""
| #define PACKAGE_URL ""
| #define LT_OBJDIR ".libs/"
| /* end confdefs.h.  */
| #include <isl/schedule.h>
| int
| main ()
| {
| isl_options_set_schedule_serialize_sccs (NULL, 0);
|   ;
|   return 0;
| }
configure:6060: result: no
configure:7064: checking for default BUILD_CONFIG
configure:7096: result: 
configure:7101: checking for --enable-vtable-verify
configure:7114: result: no
configure:7720: checking for bison
configure:7750: result: no
configure:7720: checking for byacc
configure:7750: result: no
configure:7720: checking for yacc
configure:7750: result: no
configure:7767: checking for bison
configure:7797: result: no
configure:7814: checking for gm4
configure:7844: result: no
configure:7814: checking for gnum4
configure:7844: result: no
configure:7814: checking for m4
configure:7844: result: no
configure:7861: checking for flex
configure:7891: result: no
configure:7861: checking for lex
configure:7891: result: no
configure:7909: checking for flex
configure:7939: result: no
configure:7956: checking for makeinfo
configure:7986: result: no
configure:8017: checking for expect
configure:8047: result: no
configure:8066: checking for runtest
configure:8096: result: no
configure:8130: checking for ar
configure:8157: result: llvm-ar-10
configure:8271: checking for as
configure:8298: result: llvm-as-10
configure:8493: checking for dlltool
configure:8523: result: no
configure:8553: checking for ld
configure:8580: result: /usr/bin/ld
configure:8775: checking for lipo
configure:8805: result: no
configure:8916: checking for nm
configure:8932: found /usr/bin/nm
configure:8943: result: nm
configure:8976: checking for ranlib
configure:9003: result: llvm-ranlib-10
configure:9193: checking for strip
configure:9209: found /usr/bin/strip
configure:9220: result: strip
configure:9329: checking for windres
configure:9359: result: no
configure:9470: checking for windmc
configure:9500: result: no
configure:9611: checking for objcopy
configure:9627: found /usr/bin/objcopy
configure:9638: result: objcopy
configure:9752: checking for objdump
configure:9768: found /usr/bin/objdump
configure:9779: result: objdump
configure:9893: checking for readelf
configure:9909: found /usr/bin/readelf
configure:9920: result: readelf
configure:9975: checking for cc
configure:10002: result: clang-10 -m32 -D_FORTIFY_SOURCE=0 -D__GLIBC_USE\(...\)=0
configure:9975: checking for gcc
configure:10002: result: clang-10 -m32 -D_FORTIFY_SOURCE=0 -D__GLIBC_USE\(...\)=0
configure:10195: checking for zk-c++
configure:10225: result: no
configure:10195: checking for zk-g++
configure:10225: result: no
configure:10195: checking for zk-cxx
configure:10225: result: no
configure:10195: checking for zk-gxx
configure:10225: result: no
configure:10356: checking for zk-gcc
configure:10386: result: no
configure:10512: checking for zk-gcj
configure:10542: result: no
configure:10673: checking for zk-gfortran
configure:10703: result: no
configure:10834: checking for zk-gccgo
configure:10864: result: no
configure:11016: checking for ar
configure:11043: result: llvm-ar-10
configure:11246: checking for as
configure:11273: result: llvm-as-10
configure:11535: checking for zk-dlltool
configure:11565: result: no
configure:11765: checking for zk-ld
configure:11795: result: no
configure:11995: checking for zk-lipo
configure:12025: result: no
configure:12225: checking for zk-nm
configure:12255: result: no
configure:12455: checking for zk-objcopy
configure:12485: result: no
configure:12685: checking for zk-objdump
configure:12715: result: no
configure:12856: checking for ranlib
configure:12883: result: llvm-ranlib-10
configure:13145: checking for zk-readelf
configure:13175: result: no
configure:13375: checking for zk-strip
configure:13405: result: no
configure:13605: checking for zk-windres
configure:13635: result: no
configure:13835: checking for zk-windmc
configure:13865: result: no
configure:13932: checking where to find the target ar
configure:13969: result: pre-installed
configure:13974: checking where to find the target as
configure:14011: result: pre-installed
configure:14016: checking where to find the target cc
configure:14053: result: pre-installed
configure:14058: checking where to find the target c++
configure:14098: result: pre-installed
configure:14103: checking where to find the target c++ for libstdc++
configure:14143: result: pre-installed
configure:14148: checking where to find the target dlltool
configure:14185: result: pre-installed
configure:14190: checking where to find the target gcc
configure:14227: result: pre-installed
configure:14232: checking where to find the target gcj
configure:14272: result: pre-installed
configure:14277: checking where to find the target gfortran
configure:14317: result: pre-installed
configure:14322: checking where to find the target gccgo
configure:14362: result: pre-installed
configure:14367: checking where to find the target ld
configure:14404: result: pre-installed
configure:14409: checking where to find the target lipo
configure:14435: result: pre-installed
configure:14440: checking where to find the target nm
configure:14477: result: pre-installed
configure:14482: checking where to find the target objcopy
configure:14519: result: pre-installed
configure:14524: checking where to find the target objdump
configure:14561: result: pre-installed
configure:14566: checking where to find the target ranlib
configure:14603: result: pre-installed
configure:14608: checking where to find the target readelf
configure:14645: result: pre-installed
configure:14650: checking where to find the target strip
configure:14687: result: pre-installed
configure:14692: checking where to find the target windres
configure:14729: result: pre-installed
configure:14734: checking where to find the target windmc
configure:14771: result: pre-installed
configure:14804: checking whether to enable maintainer-specific portions of Makefiles
configure:14813: result: no
configure:15063: creating ./config.status

## ---------------------- ##
## Running config.status. ##
## ---------------------- ##

This file was extended by config.status, which was
generated by GNU Autoconf 2.64.  Invocation command line was

  CONFIG_FILES    = 
  CONFIG_HEADERS  = 
  CONFIG_LINKS    = 
  CONFIG_COMMANDS = 
  $ ./config.status 

on 203bdde95f18

config.status:922: creating Makefile

## ---------------- ##
## Cache variables. ##
## ---------------- ##

ac_cv_build=x86_64-pc-linux-gnu
ac_cv_c_compiler_gnu=yes
ac_cv_cxx_compiler_gnu=yes
ac_cv_env_AR_FOR_TARGET_set=set
ac_cv_env_AR_FOR_TARGET_value=llvm-ar-10
ac_cv_env_AR_set=set
ac_cv_env_AR_value=llvm-ar-10
ac_cv_env_AS_FOR_TARGET_set=set
ac_cv_env_AS_FOR_TARGET_value=llvm-as-10
ac_cv_env_AS_set=set
ac_cv_env_AS_value=llvm-as-10
ac_cv_env_CCC_set=
ac_cv_env_CCC_value=
ac_cv_env_CC_FOR_TARGET_set=set
ac_cv_env_CC_FOR_TARGET_value='clang-10 -m32 -D_FORTIFY_SOURCE=0 -D__GLIBC_USE\(...\)=0'
ac_cv_env_CC_set=set
ac_cv_env_CC_value='clang-10 -m32 -D_FORTIFY_SOURCE=0 -D__GLIBC_USE\(...\)=0'
ac_cv_env_CFLAGS_set=set
ac_cv_env_CFLAGS_value=-flto
ac_cv_env_CPPFLAGS_set=
ac_cv_env_CPPFLAGS_value=
ac_cv_env_CXXFLAGS_set=
ac_cv_env_CXXFLAGS_value=
ac_cv_env_CXX_FOR_TARGET_set=
ac_cv_env_CXX_FOR_TARGET_value=
ac_cv_env_CXX_set=
ac_cv_env_CXX_value=
ac_cv_env_DLLTOOL_FOR_TARGET_set=
ac_cv_env_DLLTOOL_FOR_TARGET_value=
ac_cv_env_DLLTOOL_set=
ac_cv_env_DLLTOOL_value=
ac_cv_env_GCC_FOR_TARGET_set=
ac_cv_env_GCC_FOR_TARGET_value=
ac_cv_env_GCJ_FOR_TARGET_set=
ac_cv_env_GCJ_FOR_TARGET_value=
ac_cv_env_GFORTRAN_FOR_TARGET_set=
ac_cv_env_GFORTRAN_FOR_TARGET_value=
ac_cv_env_GOC_FOR_TARGET_set=
ac_cv_env_GOC_FOR_TARGET_value=
ac_cv_env_LDFLAGS_set=
ac_cv_env_LDFLAGS_value=
ac_cv_env_LD_FOR_TARGET_set=
ac_cv_env_LD_FOR_TARGET_value=
ac_cv_env_LD_set=
ac_cv_env_LD_value=
ac_cv_env_LIBS_set=
ac_cv_env_LIBS_value=
ac_cv_env_LIPO_FOR_TARGET_set=
ac_cv_env_LIPO_FOR_TARGET_value=
ac_cv_env_LIPO_set=
ac_cv_env_LIPO_value=
ac_cv_env_NM_FOR_TARGET_set=
ac_cv_env_NM_FOR_TARGET_value=
ac_cv_env_NM_set=
ac_cv_env_NM_value=
ac_cv_env_OBJCOPY_FOR_TARGET_set=
ac_cv_env_OBJCOPY_FOR_TARGET_value=
ac_cv_env_OBJCOPY_set=
ac_cv_env_OBJCOPY_value=
ac_cv_env_OBJDUMP_FOR_TARGET_set=
ac_cv_env_OBJDUMP_FOR_TARGET_value=
ac_cv_env_OBJDUMP_set=
ac_cv_env_OBJDUMP_value=
ac_cv_env_RANLIB_FOR_TARGET_set=set
ac_cv_env_RANLIB_FOR_TARGET_value=llvm-ranlib-10
ac_cv_env_RANLIB_set=set
ac_cv_env_RANLIB_value=llvm-ranlib-10
ac_cv_env_READELF_FOR_TARGET_set=
ac_cv_env_READELF_FOR_TARGET_value=
ac_cv_env_READELF_set=
ac_cv_env_READELF_value=
ac_cv_env_STRIP_FOR_TARGET_set=
ac_cv_env_STRIP_FOR_TARGET_value=
ac_cv_env_STRIP_set=
ac_cv_env_STRIP_value=
ac_cv_env_WINDMC_FOR_TARGET_set=
ac_cv_env_WINDMC_FOR_TARGET_value=
ac_cv_env_WINDMC_set=
ac_cv_env_WINDMC_value=
ac_cv_env_WINDRES_FOR_TARGET_set=
ac_cv_env_WINDRES_FOR_TARGET_value=
ac_cv_env_WINDRES_set=
ac_cv_env_WINDRES_value=
ac_cv_env_build_alias_set=
ac_cv_env_build_alias_value=
ac_cv_env_build_configargs_set=
ac_cv_env_build_configargs_value=
ac_cv_env_host_alias_set=
ac_cv_env_host_alias_value=
ac_cv_env_host_configargs_set=
ac_cv_env_host_configargs_value=
ac_cv_env_target_alias_set=set
ac_cv_env_target_alias_value=zk
ac_cv_env_target_configargs_set=
ac_cv_env_target_configargs_value=
ac_cv_host=x86_64-pc-linux-gnu
ac_cv_objext=o
ac_cv_path_SED=/usr/bin/sed
ac_cv_path_install='/usr/bin/install -c'
ac_cv_prog_AR=llvm-ar-10
ac_cv_prog_AR_FOR_TARGET=llvm-ar-10
ac_cv_prog_AS=llvm-as-10
ac_cv_prog_AS_FOR_TARGET=llvm-as-10
ac_cv_prog_AWK=gawk
ac_cv_prog_CC_FOR_TARGET='clang-10 -m32 -D_FORTIFY_SOURCE=0 -D__GLIBC_USE\(...\)=0'
ac_cv_prog_LD=/usr/bin/ld
ac_cv_prog_NM=nm
ac_cv_prog_OBJCOPY=objcopy
ac_cv_prog_OBJDUMP=objdump
ac_cv_prog_RANLIB=llvm-ranlib-10
ac_cv_prog_RANLIB_FOR_TARGET=llvm-ranlib-10
ac_cv_prog_READELF=readelf
ac_cv_prog_STRIP=strip
ac_cv_prog_ac_ct_CC='clang-10 -m32 -D_FORTIFY_SOURCE=0 -D__GLIBC_USE\(...\)=0'
ac_cv_prog_ac_ct_CXX=g++
ac_cv_prog_cc_c89=
ac_cv_prog_cc_g=yes
ac_cv_prog_cxx_g=yes
ac_cv_target=zk-unknown-none
acx_cv_cc_gcc_supports_ada=no
acx_cv_prog_LN=ln
gcc_cv_isl=no
gcc_cv_prog_cmp_skip='cmp --ignore-initial=16 $$f1 $$f2'
gcc_cv_tool_dirs=
gcc_cv_tool_prefix=/usr/local
lt_cv_objdir=.libs

## ----------------- ##
## Output variables. ##
## ----------------- ##

AR='llvm-ar-10'
AR_FOR_BUILD='$(AR)'
AR_FOR_TARGET='llvm-ar-10'
AS='llvm-as-10'
AS_FOR_BUILD='$(AS)'
AS_FOR_TARGET='llvm-as-10'
AWK='gawk'
BISON='/tight-zkvm/toolchain/zk-llvm-backend/newlib-3.3.0/missing bison'
BUILD_CONFIG=''
CC='clang-10 -m32 -D_FORTIFY_SOURCE=0 -D__GLIBC_USE\(...\)=0'
CC_FOR_BUILD='$(CC)'
CC_FOR_TARGET='clang-10 -m32 -D_FORTIFY_SOURCE=0 -D__GLIBC_USE\(...\)=0'
CFLAGS='-flto'
CFLAGS_FOR_BUILD='-flto'
CFLAGS_FOR_TARGET='-flto'
COMPILER_AS_FOR_TARGET='$(AS_FOR_TARGET)'
COMPILER_LD_FOR_TARGET='$(LD_FOR_TARGET)'
COMPILER_NM_FOR_TARGET='$(NM_FOR_TARGET)'
CONFIGURE_GDB_TK=''
CPPFLAGS=''
CXX='g++'
CXXFLAGS='-g -O2'
CXXFLAGS_FOR_BUILD='-g -O2'
CXXFLAGS_FOR_TARGET='-g -O2'
CXX_FOR_BUILD='$(CXX)'
CXX_FOR_TARGET='zk-c++'
DEBUG_PREFIX_CFLAGS_FOR_TARGET=''
DEFS='-DPACKAGE_NAME=\"\" -DPACKAGE_TARNAME=\"\" -DPACKAGE_VERSION=\"\" -DPACKAGE_STRING=\"\" -DPACKAGE_BUGREPORT=\"\" -DPACKAGE_URL=\"\" -DLT_OBJDIR=\".libs/\"'
DLLTOOL='dlltool'
DLLTOOL_FOR_BUILD='$(DLLTOOL)'
DLLTOOL_FOR_TARGET='zk-dlltool'
ECHO_C=''
ECHO_N='-n'
ECHO_T=''
EXEEXT=''
EXPECT='expect'
EXTRA_CONFIGARGS_LIBJAVA='--disable-static'
FLAGS_FOR_TARGET=' -B$$r/$(TARGET_SUBDIR)/newlib/ -isystem $$r/$(TARGET_SUBDIR)/newlib/targ-include -isystem $$s/newlib/libc/include -B$$r/$(TARGET_SUBDIR)/libgloss/zk -L$$r/$(TARGET_SUBDIR)/libgloss/libnosys -L$$s/libgloss/zk'
FLEX='/tight-zkvm/toolchain/zk-llvm-backend/newlib-3.3.0/missing flex'
GCC_FOR_TARGET='clang-10 -m32 -D_FORTIFY_SOURCE=0 -D__GLIBC_USE\(...\)=0'
GCC_SHLIB_SUBDIR=''
GCJ_FOR_BUILD='$(GCJ)'
GCJ_FOR_TARGET='zk-gcj'
GDB_TK=''
GFORTRAN_FOR_BUILD='$(GFORTRAN)'
GFORTRAN_FOR_TARGET='zk-gfortran'
GNATBIND='no'
GNATMAKE='no'
GOC_FOR_BUILD='$(GOC)'
GOC_FOR_TARGET='zk-gccgo'
INSTALL_DATA='${INSTALL} -m 644'
INSTALL_GDB_TK=''
INSTALL_PROGRAM='${INSTALL}'
INSTALL_SCRIPT='${INSTALL}'
LD='/usr/bin/ld'
LDFLAGS=''
LDFLAGS_FOR_BUILD=''
LDFLAGS_FOR_TARGET=''
LD_FOR_BUILD='$(LD)'
LD_FOR_TARGET='zk-ld'
LEX='/tight-zkvm/toolchain/zk-llvm-backend/newlib-3.3.0/missing flex'
LIBOBJS=''
LIBS=''
LIPO='lipo'
LIPO_FOR_TARGET='zk-lipo'
LN='ln'
LN_S='ln -s'
LTLIBOBJS=''
M4='/tight-zkvm/toolchain/zk-llvm-backend/newlib-3.3.0/missing m4'
MAINT='#'
MAINTAINER_MODE_FALSE=''
MAINTAINER_MODE_TRUE='#'
MAKEINFO='/tight-zkvm/toolchain/zk-llvm-backend/newlib-3.3.0/missing makeinfo'
NM='nm'
NM_FOR_BUILD='$(NM)'
NM_FOR_TARGET='zk-nm'
OBJCOPY='objcopy'
OBJCOPY_FOR_TARGET='zk-objcopy'
OBJDUMP='objdump'
OBJDUMP_FOR_TARGET='zk-objdump'
OBJEXT='o'
PACKAGE_BUGREPORT=''
PACKAGE_NAME=''
PACKAGE_STRING=''
PACKAGE_TARNAME=''
PACKAGE_URL=''
PACKAGE_VERSION=''
PATH_SEPARATOR=':'
RANLIB='llvm-ranlib-10'
RANLIB_FOR_BUILD='$(RANLIB)'
RANLIB_FOR_TARGET='llvm-ranlib-10'
RAW_CXX_FOR_TARGET='zk-c++'
READELF='readelf'
READELF_FOR_TARGET='zk-readelf'
RPATH_ENVVAR='LD_LIBRARY_PATH'
RUNTEST='runtest'
SED='/usr/bin/sed'
SHELL='/bin/bash'
STRIP='strip'
STRIP_FOR_TARGET='zk-strip'
SYSROOT_CFLAGS_FOR_TARGET=''
TOPLEVEL_CONFIGURE_ARGUMENTS='/tight-zkvm/toolchain/zk-llvm-backend/newlib-3.3.0/configure --target=zk --with-newlib --disable-multilib CC='\''clang-10 -m32 -D_FORTIFY_SOURCE=0 -D__GLIBC_USE\(...\)=0'\'' CFLAGS=-flto AR=llvm-ar-10 AS=llvm-as-10 RANLIB=llvm-ranlib-10 --disable-newlib-io-float --disable-newlib-io-long-long '\''CC_FOR_TARGET=clang-10 -m32 -D_FORTIFY_SOURCE=0 -D__GLIBC_USE\(...\)=0'\'' CFLAGS_FOR_TARGET=-flto AR_FOR_TARGET=llvm-ar-10 AS_FOR_TARGET=llvm-as-10 RANLIB_FOR_TARGET=llvm-ranlib-10'
WINDMC='windmc'
WINDMC_FOR_BUILD='$(WINDMC)'
WINDMC_FOR_TARGET='zk-windmc'
WINDRES='windres'
WINDRES_FOR_BUILD='$(WINDRES)'
WINDRES_FOR_TARGET='zk-windres'
YACC='/tight-zkvm/toolchain/zk-llvm-backend/newlib-3.3.0/missing bison -y'
ac_ct_CC='clang-10 -m32 -D_FORTIFY_SOURCE=0 -D__GLIBC_USE\(...\)=0'
ac_ct_CXX='g++'
bindir='${exec_prefix}/bin'
build='x86_64-pc-linux-gnu'
build_alias=''
build_configargs=' --cache-file=./config.cache '\''--with-newlib'\'' '\''--disable-multilib'\'' '\''--disable-newlib-io-float'\'' '\''--disable-newlib-io-long-long'\'' --program-transform-name='\''s&^&zk-&'\'' --disable-option-checking'
build_configdirs=''
build_cpu='x86_64'
build_libsubdir='build-x86_64-pc-linux-gnu'
build_noncanonical='x86_64-pc-linux-gnu'
build_os='linux-gnu'
build_subdir='build-x86_64-pc-linux-gnu'
build_tooldir='${exec_prefix}/zk'
build_vendor='pc'
compare_exclusions='gcc/cc*-checksum$(objext) | gcc/ada/*tools/*'
configdirs=' etc'
datadir='${datarootdir}'
datarootdir='${prefix}/share'
do_compare='cmp --ignore-initial=16 $$f1 $$f2'
docdir='${datarootdir}/doc/${PACKAGE}'
dvidir='${docdir}'
exec_prefix='${prefix}'
extra_host_libiberty_configure_flags=''
extra_host_zlib_configure_flags=''
extra_isl_gmp_configure_flags=''
extra_liboffloadmic_configure_flags=''
extra_linker_plugin_configure_flags=''
extra_linker_plugin_flags=''
extra_mpc_gmp_configure_flags=''
extra_mpc_mpfr_configure_flags=''
extra_mpfr_configure_flags=''
gmpinc=''
gmplibs='-lmpc -lmpfr -lgmp'
host='x86_64-pc-linux-gnu'
host_alias=''
host_configargs=' --cache-file=./config.cache  --with-system-zlib --with-newlib '\''--with-newlib'\'' '\''--disable-multilib'\'' '\''--disable-newlib-io-float'\'' '\''--disable-newlib-io-long-long'\'' --program-transform-name='\''s&^&zk-&'\'' --disable-option-checking'
host_cpu='x86_64'
host_noncanonical='x86_64-pc-linux-gnu'
host_os='linux-gnu'
host_shared='no'
host_subdir='.'
host_vendor='pc'
htmldir='${docdir}'
includedir='${prefix}/include'
infodir='${datarootdir}/info'
islinc=''
isllibs=''
islver=''
libdir='${exec_prefix}/lib'
libexecdir='${exec_prefix}/libexec'
localedir='${datarootdir}/locale'
localstatedir='${prefix}/var'
mandir='${datarootdir}/man'
oldincludedir='/usr/include'
pdfdir='${docdir}'
poststage1_ldflags='-static-libstdc++ -static-libgcc'
poststage1_libs=''
prefix='/usr/local'
program_transform_name='s&^&zk-&'
psdir='${docdir}'
sbindir='${exec_prefix}/sbin'
sharedstatedir='${prefix}/com'
stage1_cflags='-g'
stage1_checking='--enable-checking=yes,types'
stage1_languages=',c,'
stage1_ldflags='-static-libstdc++ -static-libgcc'
stage1_libs=''
stage2_werror_flag=''
sysconfdir='${prefix}/etc'
target='zk-unknown-none'
target_alias='zk'
target_configargs='--cache-file=./config.cache --with-newlib --with-cross-host=x86_64-pc-linux-gnu   '\''--with-newlib'\'' '\''--disable-multilib'\'' '\''--disable-newlib-io-float'\'' '\''--disable-newlib-io-long-long'\'' --program-transform-name='\''s&^&zk-&'\'' --disable-option-checking'
target_configdirs='libgloss newlib'
target_cpu='zk'
target_noncanonical='zk'
target_os='none'
target_subdir='zk'
target_vendor='unknown'
tooldir='${exec_prefix}/zk'

## ------------------- ##
## File substitutions. ##
## ------------------- ##

alphaieee_frag='/dev/null'
host_makefile_frag='/dev/null'
ospace_frag='/dev/null'
serialization_dependencies='serdep.tmp'
target_makefile_frag='/dev/null'

## ----------- ##
## confdefs.h. ##
## ----------- ##

/* confdefs.h */
#define PACKAGE_NAME ""
#define PACKAGE_TARNAME ""
#define PACKAGE_VERSION ""
#define PACKAGE_STRING ""
#define PACKAGE_BUGREPORT ""
#define PACKAGE_URL ""
#define LT_OBJDIR ".libs/"

configure: exit 0
