This file contains any messages produced by compilers while
running configure, to aid debugging if configure makes a mistake.

It was created by configure, which was
generated by GNU Autoconf 2.61.  Invocation command line was

  $ ../../../../newlib-3.3.0/libgloss/doc/configure --disable-option-checking --prefix=/usr/local --with-cross-host=x86_64-pc-linux-gnu --with-newlib --disable-multilib --disable-newlib-io-float --disable-newlib-io-long-long --program-transform-name=s&^&zk-& --with-target-subdir=zk --build=x86_64-pc-linux-gnu --host=zk --target=zk build_alias=x86_64-pc-linux-gnu host_alias=zk target_alias=zk --cache-file=.././config.cache --srcdir=../../../../newlib-3.3.0/libgloss/doc

## --------- ##
## Platform. ##
## --------- ##

hostname = yibin-Z390-AORUS-PRO-WIFI
uname -m = x86_64
uname -r = 6.8.0-87-generic
uname -s = Linux
uname -v = #88~22.04.1-Ubuntu SMP PREEMPT_DYNAMIC Tue Oct 14 14:03:14 UTC 2

/usr/bin/uname -p = x86_64
/bin/uname -X     = unknown

/bin/arch              = x86_64
/usr/bin/arch -k       = unknown
/usr/convex/getsysinfo = unknown
/usr/bin/hostinfo      = unknown
/bin/machine           = unknown
/usr/bin/oslevel       = unknown
/bin/universe          = unknown

PATH: /usr/local/sbin
PATH: /usr/local/bin
PATH: /usr/sbin
PATH: /usr/bin
PATH: /sbin
PATH: /bin
PATH: /usr/games
PATH: /usr/local/games
PATH: /snap/bin
PATH: /snap/bin


## ----------- ##
## Core tests. ##
## ----------- ##

configure:1525: loading cache .././config.cache
configure:1692: checking for a BSD-compatible install
configure:1748: result: /usr/bin/install -c
configure:1884: creating ./config.status

## ---------------------- ##
## Running config.status. ##
## ---------------------- ##

This file was extended by config.status, which was
generated by GNU Autoconf 2.61.  Invocation command line was

  CONFIG_FILES    = 
  CONFIG_HEADERS  = 
  CONFIG_LINKS    = 
  CONFIG_COMMANDS = 
  $ ./config.status 

on yibin-Z390-AORUS-PRO-WIFI

config.status:568: creating Makefile

## ---------------- ##
## Cache variables. ##
## ---------------- ##

ac_cv_build=x86_64-pc-linux-gnu
ac_cv_c_compiler_gnu=yes
ac_cv_env_CCASFLAGS_set=
ac_cv_env_CCASFLAGS_value=
ac_cv_env_CCAS_set=
ac_cv_env_CCAS_value=
ac_cv_env_build_alias_set=set
ac_cv_env_build_alias_value=x86_64-pc-linux-gnu
ac_cv_env_host_alias_set=set
ac_cv_env_host_alias_value=zk
ac_cv_env_target_alias_set=set
ac_cv_env_target_alias_value=zk
ac_cv_host=zk-unknown-none
ac_cv_prog_AR=llvm-ar-11
ac_cv_prog_AWK=mawk
ac_cv_prog_CC='clang-11 -m32 -D_FORTIFY_SOURCE=0 -D__GLIBC_USE\(...\)=0 -B/home/yibin/Documents/zk-llvm-backend/zknewlib/zk/newlib/ -isystem /home/yibin/Documents/zk-llvm-backend/zknewlib/zk/newlib/targ-include -isystem /home/yibin/Documents/zk-llvm-backend/newlib-3.3.0/newlib/libc/include -B/home/yibin/Documents/zk-llvm-backend/zknewlib/zk/libgloss/zk -L/home/yibin/Documents/zk-llvm-backend/zknewlib/zk/libgloss/libnosys -L/home/yibin/Documents/zk-llvm-backend/newlib-3.3.0/libgloss/zk   '
ac_cv_prog_RANLIB=llvm-ranlib-11
ac_cv_prog_STRIP=zk-strip
ac_cv_prog_cc_g=no
ac_cv_prog_make_make_set=yes
ac_cv_target=zk-unknown-none
am_cv_CC_dependencies_compiler_type=gcc3

## ----------------- ##
## Output variables. ##
## ----------------- ##

DEFS='-DPACKAGE_NAME=\"\" -DPACKAGE_TARNAME=\"\" -DPACKAGE_VERSION=\"\" -DPACKAGE_STRING=\"\" -DPACKAGE_BUGREPORT=\"\"'
ECHO_C=''
ECHO_N='-n'
ECHO_T=''
INSTALL_DATA='/usr/bin/install -c -m 644'
INSTALL_PROGRAM='/usr/bin/install -c'
INSTALL_SCRIPT='/usr/bin/install -c'
LIBOBJS=''
LIBS=''
LTLIBOBJS=''
PACKAGE_BUGREPORT=''
PACKAGE_NAME=''
PACKAGE_STRING=''
PACKAGE_TARNAME=''
PACKAGE_VERSION=''
PATH_SEPARATOR=':'
SHELL='/bin/bash'
bindir='${exec_prefix}/bin'
build_alias='x86_64-pc-linux-gnu'
datadir='${datarootdir}'
datarootdir='${prefix}/share'
docdir='${datarootdir}/doc/${PACKAGE}'
dvidir='${docdir}'
exec_prefix='${prefix}'
host_alias='zk'
htmldir='${docdir}'
includedir='${prefix}/include'
infodir='${datarootdir}/info'
libdir='${exec_prefix}/lib'
libexecdir='${exec_prefix}/libexec'
localedir='${datarootdir}/locale'
localstatedir='${prefix}/var'
mandir='${datarootdir}/man'
oldincludedir='/usr/include'
pdfdir='${docdir}'
prefix='/usr/local'
program_transform_name='s&^&zk-&'
psdir='${docdir}'
sbindir='${exec_prefix}/sbin'
sharedstatedir='${prefix}/com'
sysconfdir='${prefix}/etc'
target_alias='zk'

## ----------- ##
## confdefs.h. ##
## ----------- ##

#define PACKAGE_NAME ""
#define PACKAGE_TARNAME ""
#define PACKAGE_VERSION ""
#define PACKAGE_STRING ""
#define PACKAGE_BUGREPORT ""

configure: exit 0
